2022-09-11 15:12:46,730 : INFO : root : Loading config.
2022-09-11 15:12:46,733 : INFO : YamlMultifileConfigLoader : Machine config file #1: config.yaml
2022-09-11 15:12:46,733 : INFO : ConfigProcessor : Loading config from cache: C:\Users\Tanner\AppData\Local\Temp\a6762098cb994b55cb03a478b26022ee.mpf_cache
2022-09-11 15:12:46,809 : INFO : ConfigProcessor : Loading config from cache: C:\Users\Tanner\AppData\Local\Temp\9cf7ccc27b21f4d6162237fadfc53e5a.mpf_cache
2022-09-11 15:12:46,810 : INFO : ConfigProcessor : Loading config from cache: C:\Users\Tanner\AppData\Local\Temp\c215df352878fee5d54f1a5ec5b16e7c.mpf_cache
2022-09-11 15:12:46,812 : INFO : ConfigProcessor : Loading config from cache: C:\Users\Tanner\AppData\Local\Temp\abaa92c43d134e3392cbb2346e6a16be.mpf_cache
2022-09-11 15:12:46,812 : INFO : ConfigProcessor : Loading config from cache: C:\Users\Tanner\AppData\Local\Temp\fc46d53fcb9fe6b8abf783d9c813390a.mpf_cache
2022-09-11 15:12:46,813 : INFO : Machine : Mission Pinball Framework Core Engine v0.55.0
2022-09-11 15:12:46,813 : INFO : Machine : Command line arguments: {'no_load_cache': False, 'create_config_cache': True, 'bcp': False, 'configfile': ['config.yaml'], 'force_assets_load': False, 'jsonlogging': False, 'logfile': 'logs\\2022-09-11-15-12-46-mpf-DESKTOP-7HNFDQ5.log', 'pause': False, 'production': False, 'text_ui': True, 'loglevel': 15, 'consoleloglevel': 20, 'force_platform': None, 'syslog_address': None, 'mc_file_name': None, 'no_sound': False}
2022-09-11 15:12:46,813 : INFO : Machine : MPF path: c:\users\tanner\appdata\local\programs\python\python37\lib\site-packages\mpf
2022-09-11 15:12:46,813 : INFO : Machine : Machine path: c:\trashland_2
2022-09-11 15:12:46,813 : INFO : Machine : Platform: win32
2022-09-11 15:12:46,813 : INFO : Machine : Python executable location: c:\users\tanner\appdata\local\programs\python\python37\python.exe
2022-09-11 15:12:46,813 : INFO : Machine : Python version: 3.7.8 (64-bit)
2022-09-11 15:12:46,815 : INFO : Machine : Initialise MPF.
2022-09-11 15:12:47,093 : INFO : FAST : Connecting to com20 at 921600bps
2022-09-11 15:12:47,205 : INFO : FAST : Connected! Processor: NET, Board Type: FP-CPU-002-2, Firmware: 01.00
2022-09-11 15:12:47,205 : INFO : EventManager : Event: ======'machine_var_fast_net_firmware'====== Args={'value': '01.00', 'prev_value': None, 'change': True}
2022-09-11 15:12:47,206 : INFO : EventManager : Event: ======'machine_var_fast_net_model'====== Args={'value': 'FP-CPU-002-2', 'prev_value': None, 'change': True}
2022-09-11 15:12:52,218 : WARNING : FAST : Reset of NET CPU failed. This might be a firmware bug in your version.
2022-09-11 15:12:52,817 : INFO : FAST : Connecting to com21 at 921600bps
2022-09-11 15:12:52,926 : INFO : FAST : Connected! Processor: RGB, Board Type: FP-CPU-002-2, Firmware: 01.00
2022-09-11 15:12:52,926 : INFO : EventManager : Event: ======'machine_var_fast_rgb_firmware'====== Args={'value': '01.00', 'prev_value': None, 'change': True}
2022-09-11 15:12:52,926 : INFO : EventManager : Event: ======'machine_var_fast_rgb_model'====== Args={'value': 'FP-CPU-002-2', 'prev_value': None, 'change': True}
2022-09-11 15:12:52,927 : INFO : EventManager : Event: ======'machine_var_credits_string'====== Args={'value': 'FREE PLAY', 'prev_value': None, 'change': True}
2022-09-11 15:12:52,975 : INFO : EventManager : Event: ======'machine_var_master_volume'====== Args={'value': 0.5, 'prev_value': None, 'change': True}
2022-09-11 15:12:52,975 : INFO : EventManager : Event: ======'machine_var_mpf_version'====== Args={'value': 'MPF v0.55.0', 'prev_value': None, 'change': True}
2022-09-11 15:12:52,975 : INFO : EventManager : Event: ======'machine_var_mpf_extended_version'====== Args={'value': 'MPF v0.55.0, Config version:5, Show version: 5, BCP version:1.1', 'prev_value': None, 'change': True}
2022-09-11 15:12:52,975 : INFO : EventManager : Event: ======'machine_var_python_version'====== Args={'value': '3.7.8', 'prev_value': None, 'change': True}
2022-09-11 15:12:52,976 : INFO : EventManager : Event: ======'machine_var_platform'====== Args={'value': 'Windows-10-10.0.19041-SP0', 'prev_value': None, 'change': True}
2022-09-11 15:12:52,976 : INFO : EventManager : Event: ======'machine_var_platform_system'====== Args={'value': 'Windows', 'prev_value': None, 'change': True}
2022-09-11 15:12:52,976 : INFO : EventManager : Event: ======'machine_var_platform_release'====== Args={'value': '10', 'prev_value': None, 'change': True}
2022-09-11 15:12:52,976 : INFO : EventManager : Event: ======'machine_var_platform_version'====== Args={'value': '10.0.19041', 'prev_value': None, 'change': True}
2022-09-11 15:12:52,976 : INFO : EventManager : Event: ======'machine_var_platform_machine'====== Args={'value': 'AMD64', 'prev_value': None, 'change': True}
2022-09-11 15:12:52,976 : INFO : EventManager : Event: ======'init_phase_1'====== Args={}
2022-09-11 15:12:53,010 : INFO : EventManager : Event: ======'drop_target_bank_mid_up'====== Args={}
2022-09-11 15:12:53,011 : INFO : EventManager : Event: ======'drop_target_bank_right_up'====== Args={}
2022-09-11 15:12:53,029 : INFO : EventManager : Event: ======'init_phase_2'====== Args={}
2022-09-11 15:12:53,030 : ERROR : asyncio : Exception in callback EventManager._async_handler_done(<QueuedEvent>)(<Task finishe...('3B', 1))}")>) at c:\users\tanner\appdata\local\programs\python\python37\lib\site-packages\mpf\core\events.py:112
handle: <Handle EventManager._async_handler_done(<QueuedEvent>)(<Task finishe...('3B', 1))}")>) at c:\users\tanner\appdata\local\programs\python\python37\lib\site-packages\mpf\core\events.py:112>
Traceback (most recent call last):
  File "c:\users\tanner\appdata\local\programs\python\python37\lib\site-packages\mpf\core\switch_controller.py", line 114, in update_switches_from_hw
    switch.state = switch_states[number] ^ switch.invert
KeyError: ('5A', 1)

During handling of the above exception, another exception occurred:

Traceback (most recent call last):
  File "c:\users\tanner\appdata\local\programs\python\python37\lib\asyncio\events.py", line 88, in _run
    self._context.run(self._callback, *self._args)
  File "c:\users\tanner\appdata\local\programs\python\python37\lib\site-packages\mpf\core\events.py", line 115, in _async_handler_done
    future.result()
  File "c:\users\tanner\appdata\local\programs\python\python37\lib\site-packages\mpf\core\switch_controller.py", line 82, in _initialize_switches
    await self.update_switches_from_hw()
  File "c:\users\tanner\appdata\local\programs\python\python37\lib\site-packages\mpf\core\switch_controller.py", line 118, in update_switches_from_hw
    format(switch, platform, switch_states, switches))
AssertionError: Missing switch <switch.s_bot_right> in update from HW: <Platform.FAST> State from HW: {('00', 1): 1, ('01', 1): 1, ('02', 1): 1, ('03', 1): 0, ('04', 1): 1, ('05', 1): 1, ('06', 1): 0, ('07', 1): 0, ('08', 1): 0, ('09', 1): 0, ('0A', 1): 0, ('0B', 1): 0, ('0C', 1): 0, ('0D', 1): 0, ('0E', 1): 0, ('0F', 1): 0, ('10', 1): 0, ('11', 1): 0, ('12', 1): 0, ('13', 1): 0, ('14', 1): 0, ('15', 1): 0, ('16', 1): 0, ('17', 1): 0, ('18', 1): 0, ('19', 1): 0, ('1A', 1): 0, ('1B', 1): 0, ('1C', 1): 0, ('1D', 1): 0, ('1E', 1): 0, ('1F', 1): 0, ('20', 1): 0, ('21', 1): 0, ('22', 1): 0, ('23', 1): 0, ('24', 1): 0, ('25', 1): 0, ('26', 1): 0, ('27', 1): 0, ('28', 1): 1, ('29', 1): 1, ('2A', 1): 1, ('2B', 1): 1, ('2C', 1): 1, ('2D', 1): 1, ('2E', 1): 1, ('2F', 1): 1, ('30', 1): 1, ('31', 1): 1, ('32', 1): 1, ('33', 1): 1, ('34', 1): 1, ('35', 1): 1, ('36', 1): 0, ('37', 1): 1, ('00', 0): 0, ('01', 0): 0, ('02', 0): 0, ('03', 0): 0, ('04', 0): 0, ('05', 0): 0, ('06', 0): 0, ('07', 0): 0}, switches known: {(<switch.s_drop_mid_mid>, ('2C', 1)), (<switch.s_right_flipper>, ('00', 1)), (<switch.s_left_flipper>, ('04', 1)), (<switch.s_start>, ('02', 1)), (<switch.s_transfer_rollover>, ('0D', 1)), (<switch.s_bot_right>, ('5A', 1)), (<switch.s_trough_3>, ('43', 1)), (<switch.s_right_outlane>, ('45', 1)), (<switch.s_sling_right>, ('37', 1)), (<switch.s_upper_drop>, ('09', 1)), (<switch.s_upper_stationary>, ('0A', 1)), (<switch.s_sling_left>, ('2A', 1)), (<switch.s_trough_6>, ('40', 1)), (<switch.s_eos_left_top>, ('38', 1)), (<switch.s_pop_left>, ('29', 1)), (<switch.s_bot_left>, ('59', 1)), (<switch.s_bot_back>, ('58', 1)), (<switch.s_back_pop>, ('0C', 1)), (<switch.s_trough_4>, ('42', 1)), (<switch.s_trough_jam>, ('3D', 1)), (<switch.s_trough_1>, ('3E', 1)), (<switch.s_eos_right>, ('3C', 1)), (<switch.s_upper_rollover>, ('08', 1)), (<switch.s_drop_right_right>, ('30', 1)), (<switch.s_drop_mid_right>, ('2D', 1)), (<switch.s_rollover_left>, ('35', 1)), (<switch.s_left_inlane>, ('39', 1)), (<switch.s_vuk_back>, ('34', 1)), (<switch.s_bot_big>, ('5B', 1)), (<switch.s_bot_rollover>, ('5C', 1)), (<switch.s_vuk_right>, ('33', 1)), (<switch.s_drop_single>, ('32', 1)), (<switch.s_bot_vuk>, ('5D', 1)), (<switch.s_back_stationary>, ('0E', 1)), (<switch.s_pop_right>, ('2F', 1)), (<switch.s_drop_right_left>, ('31', 1)), (<switch.s_autolauncher>, ('3F', 1)), (<switch.s_left_outlane>, ('3A', 1)), (<switch.s_trough_5>, ('41', 1)), (<switch.s_tilt>, ('05', 1)), (<switch.s_launch>, ('01', 1)), (<switch.s_right_inlane>, ('46', 1)), (<switch.s_pop_lower>, ('28', 1)), (<switch.s_drop_mid_left>, ('2B', 1)), (<switch.s_back_rollover>, ('0B', 1)), (<switch.s_trough_2>, ('44', 1)), (<switch.s_rollover_right>, ('2E', 1)), (<switch.s_eos_left>, ('3B', 1))}
2022-09-11 15:12:53,032 : INFO : Machine : Starting the main run loop.
2022-09-11 15:12:53,035 : INFO : Machine : Shutting down...
2022-09-11 15:12:53,036 : INFO : EventManager : Event: ======'shutdown'====== Args={}
2022-09-11 15:12:53,132 : ERROR : FAST : Stop called on serial connection com20
2022-09-11 15:12:53,132 : ERROR : FAST : Stop called on serial connection com21
2022-09-11 15:12:53,370 : ERROR : asyncio : Task was destroyed but it is pending!
task: <Task pending coro=<Event.wait() running at c:\users\tanner\appdata\local\programs\python\python37\lib\asyncio\locks.py:293> wait_for=<Future cancelled>>
2022-09-11 15:12:53,370 : ERROR : asyncio : Task was destroyed but it is pending!
task: <Task pending coro=<Event.wait() running at c:\users\tanner\appdata\local\programs\python\python37\lib\asyncio\locks.py:293> wait_for=<Future cancelled>>
2022-09-11 15:12:53,373 : ERROR : Machine : Runtime Exception
Traceback (most recent call last):
  File "c:\users\tanner\appdata\local\programs\python\python37\lib\site-packages\mpf\core\switch_controller.py", line 114, in update_switches_from_hw
    switch.state = switch_states[number] ^ switch.invert
KeyError: ('5A', 1)

During handling of the above exception, another exception occurred:

Traceback (most recent call last):
  File "c:\users\tanner\appdata\local\programs\python\python37\lib\site-packages\mpf\core\machine.py", line 769, in _run_loop
    raise self._exception['exception']
  File "c:\users\tanner\appdata\local\programs\python\python37\lib\asyncio\events.py", line 88, in _run
    self._context.run(self._callback, *self._args)
  File "c:\users\tanner\appdata\local\programs\python\python37\lib\site-packages\mpf\core\events.py", line 115, in _async_handler_done
    future.result()
  File "c:\users\tanner\appdata\local\programs\python\python37\lib\site-packages\mpf\core\switch_controller.py", line 82, in _initialize_switches
    await self.update_switches_from_hw()
  File "c:\users\tanner\appdata\local\programs\python\python37\lib\site-packages\mpf\core\switch_controller.py", line 118, in update_switches_from_hw
    format(switch, platform, switch_states, switches))
AssertionError: Missing switch <switch.s_bot_right> in update from HW: <Platform.FAST> State from HW: {('00', 1): 1, ('01', 1): 1, ('02', 1): 1, ('03', 1): 0, ('04', 1): 1, ('05', 1): 1, ('06', 1): 0, ('07', 1): 0, ('08', 1): 0, ('09', 1): 0, ('0A', 1): 0, ('0B', 1): 0, ('0C', 1): 0, ('0D', 1): 0, ('0E', 1): 0, ('0F', 1): 0, ('10', 1): 0, ('11', 1): 0, ('12', 1): 0, ('13', 1): 0, ('14', 1): 0, ('15', 1): 0, ('16', 1): 0, ('17', 1): 0, ('18', 1): 0, ('19', 1): 0, ('1A', 1): 0, ('1B', 1): 0, ('1C', 1): 0, ('1D', 1): 0, ('1E', 1): 0, ('1F', 1): 0, ('20', 1): 0, ('21', 1): 0, ('22', 1): 0, ('23', 1): 0, ('24', 1): 0, ('25', 1): 0, ('26', 1): 0, ('27', 1): 0, ('28', 1): 1, ('29', 1): 1, ('2A', 1): 1, ('2B', 1): 1, ('2C', 1): 1, ('2D', 1): 1, ('2E', 1): 1, ('2F', 1): 1, ('30', 1): 1, ('31', 1): 1, ('32', 1): 1, ('33', 1): 1, ('34', 1): 1, ('35', 1): 1, ('36', 1): 0, ('37', 1): 1, ('00', 0): 0, ('01', 0): 0, ('02', 0): 0, ('03', 0): 0, ('04', 0): 0, ('05', 0): 0, ('06', 0): 0, ('07', 0): 0}, switches known: {(<switch.s_drop_mid_mid>, ('2C', 1)), (<switch.s_right_flipper>, ('00', 1)), (<switch.s_left_flipper>, ('04', 1)), (<switch.s_start>, ('02', 1)), (<switch.s_transfer_rollover>, ('0D', 1)), (<switch.s_bot_right>, ('5A', 1)), (<switch.s_trough_3>, ('43', 1)), (<switch.s_right_outlane>, ('45', 1)), (<switch.s_sling_right>, ('37', 1)), (<switch.s_upper_drop>, ('09', 1)), (<switch.s_upper_stationary>, ('0A', 1)), (<switch.s_sling_left>, ('2A', 1)), (<switch.s_trough_6>, ('40', 1)), (<switch.s_eos_left_top>, ('38', 1)), (<switch.s_pop_left>, ('29', 1)), (<switch.s_bot_left>, ('59', 1)), (<switch.s_bot_back>, ('58', 1)), (<switch.s_back_pop>, ('0C', 1)), (<switch.s_trough_4>, ('42', 1)), (<switch.s_trough_jam>, ('3D', 1)), (<switch.s_trough_1>, ('3E', 1)), (<switch.s_eos_right>, ('3C', 1)), (<switch.s_upper_rollover>, ('08', 1)), (<switch.s_drop_right_right>, ('30', 1)), (<switch.s_drop_mid_right>, ('2D', 1)), (<switch.s_rollover_left>, ('35', 1)), (<switch.s_left_inlane>, ('39', 1)), (<switch.s_vuk_back>, ('34', 1)), (<switch.s_bot_big>, ('5B', 1)), (<switch.s_bot_rollover>, ('5C', 1)), (<switch.s_vuk_right>, ('33', 1)), (<switch.s_drop_single>, ('32', 1)), (<switch.s_bot_vuk>, ('5D', 1)), (<switch.s_back_stationary>, ('0E', 1)), (<switch.s_pop_right>, ('2F', 1)), (<switch.s_drop_right_left>, ('31', 1)), (<switch.s_autolauncher>, ('3F', 1)), (<switch.s_left_outlane>, ('3A', 1)), (<switch.s_trough_5>, ('41', 1)), (<switch.s_tilt>, ('05', 1)), (<switch.s_launch>, ('01', 1)), (<switch.s_right_inlane>, ('46', 1)), (<switch.s_pop_lower>, ('28', 1)), (<switch.s_drop_mid_left>, ('2B', 1)), (<switch.s_back_rollover>, ('0B', 1)), (<switch.s_trough_2>, ('44', 1)), (<switch.s_rollover_right>, ('2E', 1)), (<switch.s_eos_left>, ('3B', 1))}
2022-09-11 15:13:10,417 : INFO : root : MPF run loop ended.
