2022-10-12 08:29:51,427 : INFO : root : Loading config.
2022-10-12 08:29:51,430 : INFO : YamlMultifileConfigLoader : Machine config file #1: config.yaml
2022-10-12 08:29:51,431 : INFO : ConfigProcessor : Loading config from cache: C:\Users\Tanner\AppData\Local\Temp\a6762098cb994b55cb03a478b26022ee.mpf_cache
2022-10-12 08:29:51,496 : INFO : ConfigProcessor : Loading config from cache: C:\Users\Tanner\AppData\Local\Temp\9cf7ccc27b21f4d6162237fadfc53e5a.mpf_cache
2022-10-12 08:29:51,502 : INFO : ConfigProcessor : Loading config from cache: C:\Users\Tanner\AppData\Local\Temp\c215df352878fee5d54f1a5ec5b16e7c.mpf_cache
2022-10-12 08:29:51,502 : INFO : ConfigProcessor : Loading config from cache: C:\Users\Tanner\AppData\Local\Temp\708062243e0edcfa77dd6b1521bd0d4e.mpf_cache
2022-10-12 08:29:51,503 : INFO : ConfigProcessor : Loading config from cache: C:\Users\Tanner\AppData\Local\Temp\c4174472f67f7b070dd6fb437c6feb0c.mpf_cache
2022-10-12 08:29:51,505 : INFO : ConfigProcessor : Loading config from cache: C:\Users\Tanner\AppData\Local\Temp\abaa92c43d134e3392cbb2346e6a16be.mpf_cache
2022-10-12 08:29:51,505 : INFO : ConfigProcessor : Loading config from cache: C:\Users\Tanner\AppData\Local\Temp\fc46d53fcb9fe6b8abf783d9c813390a.mpf_cache
2022-10-12 08:29:51,506 : INFO : ConfigProcessor : Loading config from cache: C:\Users\Tanner\AppData\Local\Temp\b46de592c65b9a27a1f4965daee53c91.mpf_cache
2022-10-12 08:29:51,507 : INFO : ConfigProcessor : Loading config from cache: C:\Users\Tanner\AppData\Local\Temp\5b50cb1d58cd4116013cda74c2923169.mpf_cache
2022-10-12 08:29:51,509 : INFO : ConfigProcessor : Loading config from cache: C:\Users\Tanner\AppData\Local\Temp\2734ac1662e5e62f2e4cb2a8d902a8f2.mpf_cache
2022-10-12 08:29:51,512 : INFO : ConfigProcessor : Loading config from cache: C:\Users\Tanner\AppData\Local\Temp\fe169133106b4804e097dca6b78afaf5.mpf_cache
2022-10-12 08:29:51,512 : INFO : ConfigProcessor : Loading config from cache: C:\Users\Tanner\AppData\Local\Temp\d4f531e94c6a484dd08e4121f6e3a74e.mpf_cache
2022-10-12 08:29:51,513 : INFO : ConfigProcessor : Loading config from cache: C:\Users\Tanner\AppData\Local\Temp\e9c431c8aa2f7ab7b37617b37185d68f.mpf_cache
2022-10-12 08:29:51,515 : INFO : ConfigProcessor : Loading config from cache: C:\Users\Tanner\AppData\Local\Temp\07112933e6abcdb1819075df64aee3c0.mpf_cache
2022-10-12 08:29:51,516 : INFO : Machine : Mission Pinball Framework Core Engine v0.55.0
2022-10-12 08:29:51,516 : INFO : Machine : Command line arguments: {'no_load_cache': False, 'create_config_cache': True, 'bcp': False, 'configfile': ['config.yaml'], 'force_assets_load': False, 'jsonlogging': False, 'logfile': 'logs\\2022-10-12-08-29-51-mpf-DESKTOP-7HNFDQ5.log', 'pause': False, 'production': False, 'text_ui': True, 'loglevel': 15, 'consoleloglevel': 20, 'force_platform': None, 'syslog_address': None, 'mc_file_name': None, 'no_sound': False}
2022-10-12 08:29:51,516 : INFO : Machine : MPF path: c:\users\tanner\appdata\local\programs\python\python37\lib\site-packages\mpf
2022-10-12 08:29:51,516 : INFO : Machine : Machine path: c:\trashland_2
2022-10-12 08:29:51,516 : INFO : Machine : Platform: win32
2022-10-12 08:29:51,516 : INFO : Machine : Python executable location: c:\users\tanner\appdata\local\programs\python\python37\python.exe
2022-10-12 08:29:51,516 : INFO : Machine : Python version: 3.7.8 (64-bit)
2022-10-12 08:29:51,518 : INFO : Machine : Initialise MPF.
2022-10-12 08:29:51,784 : INFO : FAST : Connecting to com9 at 921600bps
2022-10-12 08:29:51,821 : INFO : FAST : Connected! Processor: NET, Board Type: FP-CPU-002-2, Firmware: 01.05
2022-10-12 08:29:51,821 : INFO : EventManager : Event: ======'machine_var_fast_net_firmware'====== Args={'value': '01.05', 'prev_value': None, 'change': True}
2022-10-12 08:29:51,821 : INFO : EventManager : Event: ======'machine_var_fast_net_model'====== Args={'value': 'FP-CPU-002-2', 'prev_value': None, 'change': True}
2022-10-12 08:29:54,187 : WARNING : FAST : Got unexpected message from FAST: -N:08
2022-10-12 08:29:54,187 : WARNING : FAST : Got unexpected message from FAST: -N:11
2022-10-12 08:29:54,187 : WARNING : FAST : Got unexpected message from FAST: -N:38
2022-10-12 08:29:54,187 : WARNING : FAST : Got unexpected message from FAST: -N:40
2022-10-12 08:29:54,187 : WARNING : FAST : Got unexpected message from FAST: -N:41
2022-10-12 08:29:54,187 : WARNING : FAST : Got unexpected message from FAST: -N:43
2022-10-12 08:29:54,187 : WARNING : FAST : Got unexpected message from FAST: -N:44
2022-10-12 08:29:54,187 : WARNING : FAST : Got unexpected message from FAST: -N:5D
2022-10-12 08:29:54,297 : INFO : FAST : Connecting to com10 at 921600bps
2022-10-12 08:29:54,329 : INFO : FAST : Connected! Processor: RGB, Board Type: FP-CPU-002-2, Firmware: 00.87
2022-10-12 08:29:54,329 : INFO : EventManager : Event: ======'machine_var_fast_rgb_firmware'====== Args={'value': '00.87', 'prev_value': None, 'change': True}
2022-10-12 08:29:54,329 : INFO : EventManager : Event: ======'machine_var_fast_rgb_model'====== Args={'value': 'FP-CPU-002-2', 'prev_value': None, 'change': True}
2022-10-12 08:29:54,330 : INFO : EventManager : Event: ======'machine_var_credits_string'====== Args={'value': 'FREE PLAY', 'prev_value': None, 'change': True}
2022-10-12 08:29:54,374 : INFO : EventManager : Event: ======'machine_var_master_volume'====== Args={'value': 0.5, 'prev_value': None, 'change': True}
2022-10-12 08:29:54,374 : INFO : EventManager : Event: ======'machine_var_mpf_version'====== Args={'value': 'MPF v0.55.0', 'prev_value': None, 'change': True}
2022-10-12 08:29:54,374 : INFO : EventManager : Event: ======'machine_var_mpf_extended_version'====== Args={'value': 'MPF v0.55.0, Config version:5, Show version: 5, BCP version:1.1', 'prev_value': None, 'change': True}
2022-10-12 08:29:54,374 : INFO : EventManager : Event: ======'machine_var_python_version'====== Args={'value': '3.7.8', 'prev_value': None, 'change': True}
2022-10-12 08:29:54,375 : INFO : EventManager : Event: ======'machine_var_platform'====== Args={'value': 'Windows-10-10.0.19041-SP0', 'prev_value': None, 'change': True}
2022-10-12 08:29:54,375 : INFO : EventManager : Event: ======'machine_var_platform_system'====== Args={'value': 'Windows', 'prev_value': None, 'change': True}
2022-10-12 08:29:54,375 : INFO : EventManager : Event: ======'machine_var_platform_release'====== Args={'value': '10', 'prev_value': None, 'change': True}
2022-10-12 08:29:54,375 : INFO : EventManager : Event: ======'machine_var_platform_version'====== Args={'value': '10.0.19041', 'prev_value': None, 'change': True}
2022-10-12 08:29:54,375 : INFO : EventManager : Event: ======'machine_var_platform_machine'====== Args={'value': 'AMD64', 'prev_value': None, 'change': True}
2022-10-12 08:29:54,375 : INFO : EventManager : Event: ======'init_phase_1'====== Args={}
2022-10-12 08:29:54,415 : INFO : EventManager : Event: ======'drop_target_bank_mid_up'====== Args={}
2022-10-12 08:29:54,416 : INFO : EventManager : Event: ======'drop_target_bank_right_up'====== Args={}
2022-10-12 08:29:54,428 : INFO : EventManager : Event: ======'init_phase_2'====== Args={}
2022-10-12 08:29:54,429 : INFO : SwitchController : Found active switch: (('08', 1), <Platform.FAST>) <switch.s_upper_rollover>
2022-10-12 08:29:54,429 : INFO : SwitchController : Found active switch: (('42', 1), <Platform.FAST>) <switch.s_trough_4>
2022-10-12 08:29:54,429 : INFO : SwitchController : Found active switch: (('48', 1), <Platform.FAST>) <switch.s_trough_1>
2022-10-12 08:29:54,429 : INFO : SwitchController : Found active switch: (('49', 1), <Platform.FAST>) <switch.s_trough_jam>
2022-10-12 08:29:54,429 : INFO : SwitchController : Found active switch: (('3C', 1), <Platform.FAST>) <switch.s_eos_right>
2022-10-12 08:29:54,429 : INFO : SwitchController : Found active switch: (('3B', 1), <Platform.FAST>) <switch.s_eos_left>
2022-10-12 08:29:54,437 : INFO : ball_device.bd_trough : BCH: Initial count: 2
2022-10-12 08:29:54,438 : INFO : ball_device.bd_trough : State: idle
2022-10-12 08:29:54,438 : INFO : ball_device.bd_plunger : BCH: Initial count: 0
2022-10-12 08:29:54,438 : INFO : ball_device.bd_plunger : State: idle
2022-10-12 08:29:54,439 : INFO : ball_device.bd_top_vuk : BCH: Initial count: 0
2022-10-12 08:29:54,439 : INFO : ball_device.bd_top_vuk : State: idle
2022-10-12 08:29:54,440 : INFO : ball_device.bd_right_vuk : BCH: Initial count: 0
2022-10-12 08:29:54,440 : INFO : ball_device.bd_right_vuk : State: idle
2022-10-12 08:29:54,441 : INFO : ball_device.bd_bot_vuk : BCH: Initial count: 0
2022-10-12 08:29:54,442 : INFO : ball_device.bd_bot_vuk : State: idle
2022-10-12 08:29:54,478 : INFO : EventManager : Event: ======'init_phase_3'====== Args={}
2022-10-12 08:29:55,091 : INFO : EventManager : Event: ======'init_phase_4'====== Args={}
2022-10-12 08:29:55,128 : INFO : EventManager : Event: ======'playfield_active'====== Args={}
2022-10-12 08:29:55,128 : INFO : EventManager : Event: ======'unexpected_ball_on_playfield'====== Args={}
2022-10-12 08:29:55,128 : INFO : EventManager : Event: ======'playfield_active'====== Args={}
2022-10-12 08:29:55,128 : INFO : EventManager : Event: ======'unexpected_ball_on_playfield'====== Args={}
2022-10-12 08:29:55,128 : INFO : EventManager : Event: ======'playfield_active'====== Args={}
2022-10-12 08:29:55,128 : INFO : EventManager : Event: ======'unexpected_ball_on_playfield'====== Args={}
2022-10-12 08:29:55,128 : INFO : EventManager : Event: ======'playfield_active'====== Args={}
2022-10-12 08:29:55,128 : INFO : EventManager : Event: ======'unexpected_ball_on_playfield'====== Args={}
2022-10-12 08:29:55,128 : INFO : EventManager : Event: ======'playfield_active'====== Args={}
2022-10-12 08:29:55,128 : INFO : EventManager : Event: ======'unexpected_ball_on_playfield'====== Args={}
2022-10-12 08:29:55,128 : INFO : EventManager : Event: ======'playfield_active'====== Args={}
2022-10-12 08:29:55,128 : INFO : EventManager : Event: ======'unexpected_ball_on_playfield'====== Args={}
2022-10-12 08:29:55,129 : INFO : BallController : Initial balls found: 2
2022-10-12 08:29:55,131 : INFO : EventManager : Event: ======'machine_var_audits_events_game_ended'====== Args={'value': 0, 'prev_value': None, 'change': True}
2022-10-12 08:29:55,131 : INFO : EventManager : Event: ======'machine_var_audits_events_game_started'====== Args={'value': 0, 'prev_value': None, 'change': True}
2022-10-12 08:29:55,131 : INFO : EventManager : Event: ======'machine_var_audits_player_score'====== Args={'value': {'average': 0, 'top': [], 'total': 0}, 'prev_value': None, 'change': True}
2022-10-12 08:29:55,131 : INFO : EventManager : Event: ======'machine_var_audits_switches_s_autolauncher'====== Args={'value': 88, 'prev_value': None, 'change': True}
2022-10-12 08:29:55,131 : INFO : EventManager : Event: ======'machine_var_audits_switches_s_back_pop'====== Args={'value': 10, 'prev_value': None, 'change': True}
2022-10-12 08:29:55,131 : INFO : EventManager : Event: ======'machine_var_audits_switches_s_back_rollover'====== Args={'value': 0, 'prev_value': None, 'change': True}
2022-10-12 08:29:55,131 : INFO : EventManager : Event: ======'machine_var_audits_switches_s_back_stationary'====== Args={'value': 3, 'prev_value': None, 'change': True}
2022-10-12 08:29:55,131 : INFO : EventManager : Event: ======'machine_var_audits_switches_s_bot_back'====== Args={'value': 0, 'prev_value': None, 'change': True}
2022-10-12 08:29:55,132 : INFO : EventManager : Event: ======'machine_var_audits_switches_s_bot_big'====== Args={'value': 2, 'prev_value': None, 'change': True}
2022-10-12 08:29:55,132 : INFO : EventManager : Event: ======'machine_var_audits_switches_s_bot_left'====== Args={'value': 0, 'prev_value': None, 'change': True}
2022-10-12 08:29:55,132 : INFO : EventManager : Event: ======'machine_var_audits_switches_s_bot_right'====== Args={'value': 1, 'prev_value': None, 'change': True}
2022-10-12 08:29:55,132 : INFO : EventManager : Event: ======'machine_var_audits_switches_s_bot_rollover'====== Args={'value': 0, 'prev_value': None, 'change': True}
2022-10-12 08:29:55,132 : INFO : EventManager : Event: ======'machine_var_audits_switches_s_bot_vuk'====== Args={'value': 2, 'prev_value': None, 'change': True}
2022-10-12 08:29:55,132 : INFO : EventManager : Event: ======'machine_var_audits_switches_s_drop_mid_left'====== Args={'value': 76, 'prev_value': None, 'change': True}
2022-10-12 08:29:55,132 : INFO : EventManager : Event: ======'machine_var_audits_switches_s_drop_mid_mid'====== Args={'value': 85, 'prev_value': None, 'change': True}
2022-10-12 08:29:55,133 : INFO : EventManager : Event: ======'machine_var_audits_switches_s_drop_mid_right'====== Args={'value': 7, 'prev_value': None, 'change': True}
2022-10-12 08:29:55,133 : INFO : EventManager : Event: ======'machine_var_audits_switches_s_drop_right_left'====== Args={'value': 24, 'prev_value': None, 'change': True}
2022-10-12 08:29:55,133 : INFO : EventManager : Event: ======'machine_var_audits_switches_s_drop_right_right'====== Args={'value': 61, 'prev_value': None, 'change': True}
2022-10-12 08:29:55,133 : INFO : EventManager : Event: ======'machine_var_audits_switches_s_drop_single'====== Args={'value': 41, 'prev_value': None, 'change': True}
2022-10-12 08:29:55,133 : INFO : EventManager : Event: ======'machine_var_audits_switches_s_eos_left'====== Args={'value': 71, 'prev_value': None, 'change': True}
2022-10-12 08:29:55,133 : INFO : EventManager : Event: ======'machine_var_audits_switches_s_eos_left_top'====== Args={'value': 961, 'prev_value': None, 'change': True}
2022-10-12 08:29:55,133 : INFO : EventManager : Event: ======'machine_var_audits_switches_s_eos_right'====== Args={'value': 96, 'prev_value': None, 'change': True}
2022-10-12 08:29:55,134 : INFO : EventManager : Event: ======'machine_var_audits_switches_s_launch'====== Args={'value': 59, 'prev_value': None, 'change': True}
2022-10-12 08:29:55,134 : INFO : EventManager : Event: ======'machine_var_audits_switches_s_left_flipper'====== Args={'value': 1067, 'prev_value': None, 'change': True}
2022-10-12 08:29:55,134 : INFO : EventManager : Event: ======'machine_var_audits_switches_s_left_inlane'====== Args={'value': 26, 'prev_value': None, 'change': True}
2022-10-12 08:29:55,134 : INFO : EventManager : Event: ======'machine_var_audits_switches_s_left_outlane'====== Args={'value': 5, 'prev_value': None, 'change': True}
2022-10-12 08:29:55,134 : INFO : EventManager : Event: ======'machine_var_audits_switches_s_pop_left'====== Args={'value': 174, 'prev_value': None, 'change': True}
2022-10-12 08:29:55,135 : INFO : EventManager : Event: ======'machine_var_audits_switches_s_pop_lower'====== Args={'value': 256, 'prev_value': None, 'change': True}
2022-10-12 08:29:55,135 : INFO : EventManager : Event: ======'machine_var_audits_switches_s_pop_right'====== Args={'value': 341, 'prev_value': None, 'change': True}
2022-10-12 08:29:55,135 : INFO : EventManager : Event: ======'machine_var_audits_switches_s_right_flipper'====== Args={'value': 1049, 'prev_value': None, 'change': True}
2022-10-12 08:29:55,135 : INFO : EventManager : Event: ======'machine_var_audits_switches_s_right_inlane'====== Args={'value': 0, 'prev_value': None, 'change': True}
2022-10-12 08:29:55,135 : INFO : EventManager : Event: ======'machine_var_audits_switches_s_right_outlane'====== Args={'value': 79, 'prev_value': None, 'change': True}
2022-10-12 08:29:55,135 : INFO : EventManager : Event: ======'machine_var_audits_switches_s_rollover_left'====== Args={'value': 71, 'prev_value': None, 'change': True}
2022-10-12 08:29:55,136 : INFO : EventManager : Event: ======'machine_var_audits_switches_s_rollover_right'====== Args={'value': 46, 'prev_value': None, 'change': True}
2022-10-12 08:29:55,136 : INFO : EventManager : Event: ======'machine_var_audits_switches_s_sling_left'====== Args={'value': 43, 'prev_value': None, 'change': True}
2022-10-12 08:29:55,136 : INFO : EventManager : Event: ======'machine_var_audits_switches_s_sling_right'====== Args={'value': 136, 'prev_value': None, 'change': True}
2022-10-12 08:29:55,136 : INFO : EventManager : Event: ======'machine_var_audits_switches_s_start'====== Args={'value': 154, 'prev_value': None, 'change': True}
2022-10-12 08:29:55,136 : INFO : EventManager : Event: ======'machine_var_audits_switches_s_tilt'====== Args={'value': 129, 'prev_value': None, 'change': True}
2022-10-12 08:29:55,137 : INFO : EventManager : Event: ======'machine_var_audits_switches_s_transfer_rollover'====== Args={'value': 3, 'prev_value': None, 'change': True}
2022-10-12 08:29:55,137 : INFO : EventManager : Event: ======'machine_var_audits_switches_s_trough_1'====== Args={'value': 57, 'prev_value': None, 'change': True}
2022-10-12 08:29:55,137 : INFO : EventManager : Event: ======'machine_var_audits_switches_s_trough_2'====== Args={'value': 211, 'prev_value': None, 'change': True}
2022-10-12 08:29:55,137 : INFO : EventManager : Event: ======'machine_var_audits_switches_s_trough_3'====== Args={'value': 103, 'prev_value': None, 'change': True}
2022-10-12 08:29:55,138 : INFO : EventManager : Event: ======'machine_var_audits_switches_s_trough_4'====== Args={'value': 105, 'prev_value': None, 'change': True}
2022-10-12 08:29:55,138 : INFO : EventManager : Event: ======'machine_var_audits_switches_s_trough_5'====== Args={'value': 111, 'prev_value': None, 'change': True}
2022-10-12 08:29:55,138 : INFO : EventManager : Event: ======'machine_var_audits_switches_s_trough_6'====== Args={'value': 187, 'prev_value': None, 'change': True}
2022-10-12 08:29:55,138 : INFO : EventManager : Event: ======'machine_var_audits_switches_s_trough_jam'====== Args={'value': 108, 'prev_value': None, 'change': True}
2022-10-12 08:29:55,138 : INFO : EventManager : Event: ======'machine_var_audits_switches_s_upper_drop'====== Args={'value': 0, 'prev_value': None, 'change': True}
2022-10-12 08:29:55,139 : INFO : EventManager : Event: ======'machine_var_audits_switches_s_upper_rollover'====== Args={'value': 24, 'prev_value': None, 'change': True}
2022-10-12 08:29:55,139 : INFO : EventManager : Event: ======'machine_var_audits_switches_s_upper_stationary'====== Args={'value': 13, 'prev_value': None, 'change': True}
2022-10-12 08:29:55,139 : INFO : EventManager : Event: ======'machine_var_audits_switches_s_vuk_back'====== Args={'value': 1, 'prev_value': None, 'change': True}
2022-10-12 08:29:55,139 : INFO : EventManager : Event: ======'machine_var_audits_switches_s_vuk_right'====== Args={'value': 3, 'prev_value': None, 'change': True}
2022-10-12 08:29:55,140 : INFO : EventManager : Event: ======'machine_var_audits_switches_s_vuk_top'====== Args={'value': 29, 'prev_value': None, 'change': True}
2022-10-12 08:29:55,141 : INFO : EventManager : Event: ======'init_phase_5'====== Args={}
2022-10-12 08:29:55,168 : INFO : EventManager : Event: ======'init_done'====== Args={}
2022-10-12 08:29:55,168 : INFO : EventManager : Event: ======'machine_reset_phase_1'====== Args={}
2022-10-12 08:29:55,169 : INFO : EventManager : Event: ======'machine_reset_phase_2'====== Args={}
2022-10-12 08:29:55,170 : INFO : EventManager : Event: ======'machine_reset_phase_3'====== Args={}
2022-10-12 08:29:55,171 : INFO : EventManager : Event: ======'mode_tilt_will_start'====== Args={'queue': <QueuedEvent>}
2022-10-12 08:29:55,171 : INFO : EventManager : Event: ======'mode_tilt_starting'====== Args={'queue': <QueuedEvent>}
2022-10-12 08:29:55,171 : INFO : drop_target_bank.mid : All targets are already up. Will not reset bank.
2022-10-12 08:29:55,171 : INFO : drop_target_bank.right : All targets are already up. Will not reset bank.
2022-10-12 08:29:55,172 : INFO : Mode.tilt : Started. Priority: 1000000
2022-10-12 08:29:55,172 : INFO : EventManager : Event: ======'modes_active_modes_changed'====== Args={}
2022-10-12 08:29:55,172 : INFO : EventManager : Event: ======'mode_tilt_started'====== Args={'queue': <QueuedEvent>}
2022-10-12 08:29:55,173 : INFO : EventManager : Event: ======'reset_complete'====== Args={}
2022-10-12 08:29:55,173 : INFO : EventManager : Event: ======'mode_attract_will_start'====== Args={}
2022-10-12 08:29:55,173 : INFO : EventManager : Event: ======'mode_attract_starting'====== Args={}
2022-10-12 08:29:55,173 : INFO : Mode.attract : Started. Priority: 10
2022-10-12 08:29:55,173 : INFO : EventManager : Event: ======'modes_active_modes_changed'====== Args={}
2022-10-12 08:29:55,173 : INFO : EventManager : Event: ======'mode_attract_started'====== Args={}
2022-10-12 08:29:55,174 : ERROR : asyncio : Exception in callback EventManager.process_event_queue()
handle: <Handle EventManager.process_event_queue()>
Traceback (most recent call last):
  File "c:\users\tanner\appdata\local\programs\python\python37\lib\site-packages\mpf\core\show_controller.py", line 128, in replace_or_advance_show
    show_obj = self.machine.shows[config.name]
KeyError: 'tl2-chart_1_tl_all_on_step_white_red_set'

During handling of the above exception, another exception occurred:

Traceback (most recent call last):
  File "c:\users\tanner\appdata\local\programs\python\python37\lib\site-packages\mpf\core\events.py", line 695, in _run_handlers
    result = handler.callback(**merged_kwargs)
  File "c:\users\tanner\appdata\local\programs\python\python37\lib\site-packages\mpf\core\config_player.py", line 329, in config_play_callback
    **kwargs)
  File "c:\users\tanner\appdata\local\programs\python\python37\lib\site-packages\mpf\config_players\show_player.py", line 60, in play
    self._update_show(show.name, show_settings, context, queue, start_time, show_tokens)
  File "c:\users\tanner\appdata\local\programs\python\python37\lib\site-packages\mpf\config_players\show_player.py", line 224, in _update_show
    action(key, instance_dict, show_name, show_settings, queue, start_time, placeholder_args)
  File "c:\users\tanner\appdata\local\programs\python\python37\lib\site-packages\mpf\config_players\show_player.py", line 118, in _play
    start_running, stop_callback)
  File "c:\users\tanner\appdata\local\programs\python\python37\lib\site-packages\mpf\core\show_controller.py", line 131, in replace_or_advance_show
    "name.".format(config.name))
KeyError: "Cannot play show 'tl2-chart_1_tl_all_on_step_white_red_set'. No show with that name."

The above exception was the direct cause of the following exception:

Traceback (most recent call last):
  File "c:\users\tanner\appdata\local\programs\python\python37\lib\asyncio\events.py", line 88, in _run
    self._context.run(self._callback, *self._args)
  File "c:\users\tanner\appdata\local\programs\python\python37\lib\site-packages\mpf\core\events.py", line 782, in process_event_queue
    **event[3])
  File "c:\users\tanner\appdata\local\programs\python\python37\lib\site-packages\mpf\core\events.py", line 741, in _process_event
    result = self._run_handlers(event, ev_type, kwargs)
  File "c:\users\tanner\appdata\local\programs\python\python37\lib\site-packages\mpf\core\events.py", line 697, in _run_handlers
    raise Exception("Exception while processing {} for event {}. {}".format(handler, event, e)) from e
Exception: Exception while processing RegisteredHandler(callback=<bound method ConfigPlayer.config_play_callback of ConfigPlayer.show_player/shows>, priority=10, kwargs={'calling_context': 'mode_attract_started', 'mode': <Mode.attract>, 'settings': {tl2-chart_1_tl_all_on_step_white_red_set-None-None: {'speed': 6.0, 'priority': 0, 'action': 'play', 'show': None, 'block_queue': False, 'start_step': <NativeTemplate 1>, 'start_running': <Template True>, 'loops': -1, 'sync_ms': None, 'manual_advance': False, 'show_queue': None, 'key': None, 'show_tokens': {}, 'events_when_played': [], 'events_when_stopped': [], 'events_when_looped': [], 'events_when_paused': [], 'events_when_resumed': [], 'events_when_advanced': [], 'events_when_stepped_back': [], 'events_when_updated': [], 'events_when_completed': []}}}, key=UUID('7c5b54c6-6ab9-4046-a001-583b6d1e35bf'), condition=None, blocking_facility=None) for event mode_attract_started. "Cannot play show 'tl2-chart_1_tl_all_on_step_white_red_set'. No show with that name."
2022-10-12 08:29:55,198 : INFO : Machine : Starting the main run loop.
2022-10-12 08:29:55,199 : INFO : Machine : Shutting down...
2022-10-12 08:29:55,200 : INFO : EventManager : Event: ======'shutdown'====== Args={}
2022-10-12 08:29:55,220 : WARNING : FAST : Port RGB received more messages than were sent! Resetting!
2022-10-12 08:29:55,220 : WARNING : FAST : Port NET received more messages than were sent! Resetting!
2022-10-12 08:29:55,299 : ERROR : FAST : Stop called on serial connection com9
2022-10-12 08:29:55,299 : ERROR : FAST : Stop called on serial connection com10
2022-10-12 08:29:55,521 : ERROR : Machine : Runtime Exception
Traceback (most recent call last):
  File "c:\users\tanner\appdata\local\programs\python\python37\lib\site-packages\mpf\core\show_controller.py", line 128, in replace_or_advance_show
    show_obj = self.machine.shows[config.name]
KeyError: 'tl2-chart_1_tl_all_on_step_white_red_set'

During handling of the above exception, another exception occurred:

Traceback (most recent call last):
  File "c:\users\tanner\appdata\local\programs\python\python37\lib\site-packages\mpf\core\events.py", line 695, in _run_handlers
    result = handler.callback(**merged_kwargs)
  File "c:\users\tanner\appdata\local\programs\python\python37\lib\site-packages\mpf\core\config_player.py", line 329, in config_play_callback
    **kwargs)
  File "c:\users\tanner\appdata\local\programs\python\python37\lib\site-packages\mpf\config_players\show_player.py", line 60, in play
    self._update_show(show.name, show_settings, context, queue, start_time, show_tokens)
  File "c:\users\tanner\appdata\local\programs\python\python37\lib\site-packages\mpf\config_players\show_player.py", line 224, in _update_show
    action(key, instance_dict, show_name, show_settings, queue, start_time, placeholder_args)
  File "c:\users\tanner\appdata\local\programs\python\python37\lib\site-packages\mpf\config_players\show_player.py", line 118, in _play
    start_running, stop_callback)
  File "c:\users\tanner\appdata\local\programs\python\python37\lib\site-packages\mpf\core\show_controller.py", line 131, in replace_or_advance_show
    "name.".format(config.name))
KeyError: "Cannot play show 'tl2-chart_1_tl_all_on_step_white_red_set'. No show with that name."

The above exception was the direct cause of the following exception:

Traceback (most recent call last):
  File "c:\users\tanner\appdata\local\programs\python\python37\lib\site-packages\mpf\core\machine.py", line 769, in _run_loop
    raise self._exception['exception']
  File "c:\users\tanner\appdata\local\programs\python\python37\lib\asyncio\events.py", line 88, in _run
    self._context.run(self._callback, *self._args)
  File "c:\users\tanner\appdata\local\programs\python\python37\lib\site-packages\mpf\core\events.py", line 782, in process_event_queue
    **event[3])
  File "c:\users\tanner\appdata\local\programs\python\python37\lib\site-packages\mpf\core\events.py", line 741, in _process_event
    result = self._run_handlers(event, ev_type, kwargs)
  File "c:\users\tanner\appdata\local\programs\python\python37\lib\site-packages\mpf\core\events.py", line 697, in _run_handlers
    raise Exception("Exception while processing {} for event {}. {}".format(handler, event, e)) from e
Exception: Exception while processing RegisteredHandler(callback=<bound method ConfigPlayer.config_play_callback of ConfigPlayer.show_player/shows>, priority=10, kwargs={'calling_context': 'mode_attract_started', 'mode': <Mode.attract>, 'settings': {tl2-chart_1_tl_all_on_step_white_red_set-None-None: {'speed': 6.0, 'priority': 0, 'action': 'play', 'show': None, 'block_queue': False, 'start_step': <NativeTemplate 1>, 'start_running': <Template True>, 'loops': -1, 'sync_ms': None, 'manual_advance': False, 'show_queue': None, 'key': None, 'show_tokens': {}, 'events_when_played': [], 'events_when_stopped': [], 'events_when_looped': [], 'events_when_paused': [], 'events_when_resumed': [], 'events_when_advanced': [], 'events_when_stepped_back': [], 'events_when_updated': [], 'events_when_completed': []}}}, key=UUID('7c5b54c6-6ab9-4046-a001-583b6d1e35bf'), condition=None, blocking_facility=None) for event mode_attract_started. "Cannot play show 'tl2-chart_1_tl_all_on_step_white_red_set'. No show with that name."
2022-10-12 08:30:15,487 : INFO : root : MPF run loop ended.
