2022-10-20 16:30:41,763 : INFO : root : Loading config.
2022-10-20 16:30:41,766 : INFO : YamlMultifileConfigLoader : Machine config file #1: config.yaml
2022-10-20 16:30:41,766 : INFO : ConfigProcessor : Loading config from cache: C:\Users\Tanner\AppData\Local\Temp\a6762098cb994b55cb03a478b26022ee.mpf_cache
2022-10-20 16:30:41,835 : INFO : ConfigProcessor : Loading config from cache: C:\Users\Tanner\AppData\Local\Temp\9cf7ccc27b21f4d6162237fadfc53e5a.mpf_cache
2022-10-20 16:30:41,836 : INFO : ConfigProcessor : Loading config from cache: C:\Users\Tanner\AppData\Local\Temp\c215df352878fee5d54f1a5ec5b16e7c.mpf_cache
2022-10-20 16:30:41,837 : INFO : ConfigProcessor : Loading config from cache: C:\Users\Tanner\AppData\Local\Temp\708062243e0edcfa77dd6b1521bd0d4e.mpf_cache
2022-10-20 16:30:41,837 : INFO : ConfigProcessor : Loading config from cache: C:\Users\Tanner\AppData\Local\Temp\c4174472f67f7b070dd6fb437c6feb0c.mpf_cache
2022-10-20 16:30:41,838 : INFO : ConfigProcessor : Loading config from cache: C:\Users\Tanner\AppData\Local\Temp\9e6b4d5e43fd00e219ba7c739d818ad6.mpf_cache
2022-10-20 16:30:41,842 : INFO : ConfigProcessor : Loading config from cache: C:\Users\Tanner\AppData\Local\Temp\abaa92c43d134e3392cbb2346e6a16be.mpf_cache
2022-10-20 16:30:41,843 : INFO : ConfigProcessor : Loading config from cache: C:\Users\Tanner\AppData\Local\Temp\fc46d53fcb9fe6b8abf783d9c813390a.mpf_cache
2022-10-20 16:30:41,844 : INFO : ConfigProcessor : Loading config from cache: C:\Users\Tanner\AppData\Local\Temp\b46de592c65b9a27a1f4965daee53c91.mpf_cache
2022-10-20 16:30:41,844 : INFO : ConfigProcessor : Loading config from cache: C:\Users\Tanner\AppData\Local\Temp\5b50cb1d58cd4116013cda74c2923169.mpf_cache
2022-10-20 16:30:41,847 : INFO : ConfigProcessor : Loading config from cache: C:\Users\Tanner\AppData\Local\Temp\2734ac1662e5e62f2e4cb2a8d902a8f2.mpf_cache
2022-10-20 16:30:41,849 : INFO : ConfigProcessor : Loading config from cache: C:\Users\Tanner\AppData\Local\Temp\fe169133106b4804e097dca6b78afaf5.mpf_cache
2022-10-20 16:30:41,850 : INFO : ConfigProcessor : Loading config from cache: C:\Users\Tanner\AppData\Local\Temp\d4f531e94c6a484dd08e4121f6e3a74e.mpf_cache
2022-10-20 16:30:41,850 : INFO : ConfigProcessor : Loading config from cache: C:\Users\Tanner\AppData\Local\Temp\e9c431c8aa2f7ab7b37617b37185d68f.mpf_cache
2022-10-20 16:30:41,852 : INFO : ConfigProcessor : Loading config from cache: C:\Users\Tanner\AppData\Local\Temp\07112933e6abcdb1819075df64aee3c0.mpf_cache
2022-10-20 16:30:41,853 : INFO : Machine : Mission Pinball Framework Core Engine v0.55.0
2022-10-20 16:30:41,853 : INFO : Machine : Command line arguments: {'no_load_cache': False, 'create_config_cache': True, 'bcp': True, 'configfile': ['config.yaml'], 'force_assets_load': False, 'jsonlogging': False, 'logfile': 'logs\\2022-10-20-16-30-41-mpf-DESKTOP-7HNFDQ5.log', 'pause': False, 'production': False, 'text_ui': True, 'loglevel': 15, 'consoleloglevel': 20, 'force_platform': None, 'syslog_address': None, 'mc_file_name': None, 'no_sound': False}
2022-10-20 16:30:41,853 : INFO : Machine : MPF path: c:\users\tanner\appdata\local\programs\python\python37\lib\site-packages\mpf
2022-10-20 16:30:41,853 : INFO : Machine : Machine path: c:\trashland_2
2022-10-20 16:30:41,853 : INFO : Machine : Platform: win32
2022-10-20 16:30:41,853 : INFO : Machine : Python executable location: c:\users\tanner\appdata\local\programs\python\python37\python.exe
2022-10-20 16:30:41,853 : INFO : Machine : Python version: 3.7.8 (64-bit)
2022-10-20 16:30:41,855 : INFO : Machine : Initialise MPF.
2022-10-20 16:30:42,151 : INFO : FAST : Connecting to com14 at 921600bps
2022-10-20 16:30:42,259 : INFO : FAST : Connected! Processor: NET, Board Type: FP-CPU-002-2, Firmware: 01.05
2022-10-20 16:30:42,259 : INFO : EventManager : Event: ======'machine_var_fast_net_firmware'====== Args={'value': '01.05', 'prev_value': None, 'change': True}
2022-10-20 16:30:42,259 : INFO : EventManager : Event: ======'machine_var_fast_net_model'====== Args={'value': 'FP-CPU-002-2', 'prev_value': None, 'change': True}
2022-10-20 16:30:44,622 : WARNING : FAST : Got unexpected message from FAST: -N:0A
2022-10-20 16:30:44,622 : WARNING : FAST : Got unexpected message from FAST: -N:0F
2022-10-20 16:30:44,622 : WARNING : FAST : Got unexpected message from FAST: -N:11
2022-10-20 16:30:44,622 : WARNING : FAST : Got unexpected message from FAST: -N:33
2022-10-20 16:30:44,622 : WARNING : FAST : Got unexpected message from FAST: -N:34
2022-10-20 16:30:44,622 : WARNING : FAST : Got unexpected message from FAST: -N:38
2022-10-20 16:30:44,622 : WARNING : FAST : Got unexpected message from FAST: -N:3D
2022-10-20 16:30:44,622 : WARNING : FAST : Got unexpected message from FAST: -N:40
2022-10-20 16:30:44,622 : WARNING : FAST : Got unexpected message from FAST: -N:41
2022-10-20 16:30:44,623 : WARNING : FAST : Got unexpected message from FAST: -N:42
2022-10-20 16:30:44,623 : WARNING : FAST : Got unexpected message from FAST: -N:48
2022-10-20 16:30:44,623 : WARNING : FAST : Got unexpected message from FAST: -N:5D
2022-10-20 16:30:44,734 : INFO : FAST : Connecting to com15 at 921600bps
2022-10-20 16:30:44,845 : INFO : FAST : Connected! Processor: RGB, Board Type: FP-CPU-002-2, Firmware: 00.87
2022-10-20 16:30:44,845 : INFO : EventManager : Event: ======'machine_var_fast_rgb_firmware'====== Args={'value': '00.87', 'prev_value': None, 'change': True}
2022-10-20 16:30:44,845 : INFO : EventManager : Event: ======'machine_var_fast_rgb_model'====== Args={'value': 'FP-CPU-002-2', 'prev_value': None, 'change': True}
2022-10-20 16:30:44,846 : INFO : EventManager : Event: ======'machine_var_credits_string'====== Args={'value': 'FREE PLAY', 'prev_value': None, 'change': True}
2022-10-20 16:30:44,887 : INFO : EventManager : Event: ======'machine_var_master_volume'====== Args={'value': 0.5, 'prev_value': None, 'change': True}
2022-10-20 16:30:44,887 : INFO : EventManager : Event: ======'machine_var_player1_score'====== Args={'value': 7320, 'prev_value': None, 'change': True}
2022-10-20 16:30:44,887 : INFO : EventManager : Event: ======'machine_var_mpf_version'====== Args={'value': 'MPF v0.55.0', 'prev_value': None, 'change': True}
2022-10-20 16:30:44,888 : INFO : EventManager : Event: ======'machine_var_mpf_extended_version'====== Args={'value': 'MPF v0.55.0, Config version:5, Show version: 5, BCP version:1.1', 'prev_value': None, 'change': True}
2022-10-20 16:30:44,888 : INFO : EventManager : Event: ======'machine_var_python_version'====== Args={'value': '3.7.8', 'prev_value': None, 'change': True}
2022-10-20 16:30:44,888 : INFO : EventManager : Event: ======'machine_var_platform'====== Args={'value': 'Windows-10-10.0.19041-SP0', 'prev_value': None, 'change': True}
2022-10-20 16:30:44,888 : INFO : EventManager : Event: ======'machine_var_platform_system'====== Args={'value': 'Windows', 'prev_value': None, 'change': True}
2022-10-20 16:30:44,888 : INFO : EventManager : Event: ======'machine_var_platform_release'====== Args={'value': '10', 'prev_value': None, 'change': True}
2022-10-20 16:30:44,888 : INFO : EventManager : Event: ======'machine_var_platform_version'====== Args={'value': '10.0.19041', 'prev_value': None, 'change': True}
2022-10-20 16:30:44,888 : INFO : EventManager : Event: ======'machine_var_platform_machine'====== Args={'value': 'AMD64', 'prev_value': None, 'change': True}
2022-10-20 16:30:44,888 : INFO : EventManager : Event: ======'init_phase_1'====== Args={}
2022-10-20 16:30:44,932 : INFO : EventManager : Event: ======'drop_target_bank_single_main_up'====== Args={}
2022-10-20 16:30:44,932 : INFO : EventManager : Event: ======'drop_target_bank_mid_up'====== Args={}
2022-10-20 16:30:44,933 : INFO : EventManager : Event: ======'drop_target_bank_right_up'====== Args={}
2022-10-20 16:30:44,943 : INFO : EventManager : Event: ======'init_phase_2'====== Args={}
2022-10-20 16:30:44,943 : INFO : SwitchController : Found active switch: (('0A', 1), <Platform.FAST>) <switch.s_upper_drop>
2022-10-20 16:30:44,943 : INFO : SwitchController : Found active switch: (('43', 1), <Platform.FAST>) <switch.s_trough_3>
2022-10-20 16:30:44,943 : INFO : SwitchController : Found active switch: (('44', 1), <Platform.FAST>) <switch.s_trough_2>
2022-10-20 16:30:44,943 : INFO : SwitchController : Found active switch: (('49', 1), <Platform.FAST>) <switch.s_trough_jam>
2022-10-20 16:30:44,943 : INFO : SwitchController : Found active switch: (('3B', 1), <Platform.FAST>) <switch.s_eos_left>
2022-10-20 16:30:44,949 : INFO : EventManager : Event: ======'bcp_connection_attempt'====== Args={'name': 'local_display', 'host': 'localhost', 'port': 5050}
2022-10-20 16:30:44,951 : INFO : BCPClientSocket : Connecting BCP to 'local_display' at localhost:5050...
2022-10-20 16:30:45,917 : WARNING : FAST : Port com14 was blocked for more than 1s. Reseting send queue! If this happens frequently report a bug!
2022-10-20 16:30:45,949 : WARNING : FAST : Port com15 was blocked for more than 1s. Reseting send queue! If this happens frequently report a bug!
2022-10-20 16:30:46,922 : WARNING : FAST : Port com14 was blocked for more than 1s. Reseting send queue! If this happens frequently report a bug!
2022-10-20 16:30:47,002 : INFO : BCPClientSocket : Connected BCP to 'local_display' localhost:5050
2022-10-20 16:30:47,003 : INFO : EventManager : Event: ======'bcp_clients_connected'====== Args={}
2022-10-20 16:30:47,010 : INFO : ball_device.bd_trough : BCH: Initial count: 3
2022-10-20 16:30:47,010 : INFO : EventManager : Event: ======'machine_var_mc_version'====== Args={'value': 'MPF-MC v0.55.0', 'prev_value': None, 'change': True}
2022-10-20 16:30:47,011 : INFO : EventManager : Event: ======'machine_var_mc_extended_version'====== Args={'value': 'MPF-MC v0.55.0 (config_version=5, BCP v1.1, Requires MPF v0.55.0-dev.49)', 'prev_value': None, 'change': True}
2022-10-20 16:30:47,012 : INFO : ball_device.bd_trough : State: idle
2022-10-20 16:30:47,032 : INFO : ball_device.bd_plunger : BCH: Initial count: 0
2022-10-20 16:30:47,032 : INFO : ball_device.bd_plunger : State: idle
2022-10-20 16:30:47,032 : INFO : ball_device.bd_top_vuk : BCH: Initial count: 0
2022-10-20 16:30:47,033 : INFO : ball_device.bd_top_vuk : State: idle
2022-10-20 16:30:47,033 : INFO : ball_device.bd_right_vuk : BCH: Initial count: 0
2022-10-20 16:30:47,033 : INFO : ball_device.bd_right_vuk : State: idle
2022-10-20 16:30:47,034 : INFO : ball_device.bd_bot_vuk : BCH: Initial count: 0
2022-10-20 16:30:47,034 : INFO : ball_device.bd_bot_vuk : State: idle
2022-10-20 16:30:47,089 : INFO : EventManager : Event: ======'init_phase_3'====== Args={}
2022-10-20 16:30:47,674 : INFO : EventManager : Event: ======'init_phase_4'====== Args={}
2022-10-20 16:30:47,675 : INFO : EventManager : Event: ======'playfield_active'====== Args={}
2022-10-20 16:30:47,675 : INFO : EventManager : Event: ======'unexpected_ball_on_playfield'====== Args={}
2022-10-20 16:30:47,675 : INFO : EventManager : Event: ======'playfield_active'====== Args={}
2022-10-20 16:30:47,675 : INFO : EventManager : Event: ======'unexpected_ball_on_playfield'====== Args={}
2022-10-20 16:30:47,675 : INFO : EventManager : Event: ======'playfield_active'====== Args={}
2022-10-20 16:30:47,675 : INFO : EventManager : Event: ======'unexpected_ball_on_playfield'====== Args={}
2022-10-20 16:30:47,675 : INFO : EventManager : Event: ======'playfield_active'====== Args={}
2022-10-20 16:30:47,675 : INFO : EventManager : Event: ======'unexpected_ball_on_playfield'====== Args={}
2022-10-20 16:30:47,675 : INFO : EventManager : Event: ======'playfield_active'====== Args={}
2022-10-20 16:30:47,675 : INFO : EventManager : Event: ======'unexpected_ball_on_playfield'====== Args={}
2022-10-20 16:30:47,675 : INFO : EventManager : Event: ======'playfield_active'====== Args={}
2022-10-20 16:30:47,675 : INFO : EventManager : Event: ======'unexpected_ball_on_playfield'====== Args={}
2022-10-20 16:30:47,676 : INFO : BallController : Initial balls found: 3
2022-10-20 16:30:47,677 : INFO : EventManager : Event: ======'machine_var_audits_events_game_ended'====== Args={'value': 0, 'prev_value': None, 'change': True}
2022-10-20 16:30:47,678 : INFO : EventManager : Event: ======'machine_var_audits_events_game_started'====== Args={'value': 0, 'prev_value': None, 'change': True}
2022-10-20 16:30:47,678 : INFO : EventManager : Event: ======'machine_var_audits_player_score'====== Args={'value': {'average': 8388.0, 'top': [17680, 14760, 10540, 8030, 7320, 7040, 5000, 5000, 4510, 4000], 'total': 10}, 'prev_value': None, 'change': True}
2022-10-20 16:30:47,678 : INFO : EventManager : Event: ======'machine_var_audits_shots_left_inlane'====== Args={'value': 5, 'prev_value': None, 'change': True}
2022-10-20 16:30:47,678 : INFO : EventManager : Event: ======'machine_var_audits_shots_left_pop'====== Args={'value': 28, 'prev_value': None, 'change': True}
2022-10-20 16:30:47,679 : INFO : EventManager : Event: ======'machine_var_audits_shots_left_return'====== Args={'value': 1, 'prev_value': None, 'change': True}
2022-10-20 16:30:47,679 : INFO : EventManager : Event: ======'machine_var_audits_shots_lower_pop'====== Args={'value': 47, 'prev_value': None, 'change': True}
2022-10-20 16:30:47,679 : INFO : EventManager : Event: ======'machine_var_audits_shots_right_outlane'====== Args={'value': 62, 'prev_value': None, 'change': True}
2022-10-20 16:30:47,679 : INFO : EventManager : Event: ======'machine_var_audits_shots_right_pop'====== Args={'value': 42, 'prev_value': None, 'change': True}
2022-10-20 16:30:47,680 : INFO : EventManager : Event: ======'machine_var_audits_shots_scoop'====== Args={'value': 67, 'prev_value': None, 'change': True}
2022-10-20 16:30:47,680 : INFO : EventManager : Event: ======'machine_var_audits_shots_single_drop_shot'====== Args={'value': 8, 'prev_value': None, 'change': True}
2022-10-20 16:30:47,680 : INFO : EventManager : Event: ======'machine_var_audits_switches_s_autolauncher'====== Args={'value': 138, 'prev_value': None, 'change': True}
2022-10-20 16:30:47,680 : INFO : EventManager : Event: ======'machine_var_audits_switches_s_back_pop'====== Args={'value': 12, 'prev_value': None, 'change': True}
2022-10-20 16:30:47,681 : INFO : EventManager : Event: ======'machine_var_audits_switches_s_back_rollover'====== Args={'value': 0, 'prev_value': None, 'change': True}
2022-10-20 16:30:47,681 : INFO : EventManager : Event: ======'machine_var_audits_switches_s_back_stationary'====== Args={'value': 3, 'prev_value': None, 'change': True}
2022-10-20 16:30:47,681 : INFO : EventManager : Event: ======'machine_var_audits_switches_s_bot_back'====== Args={'value': 1, 'prev_value': None, 'change': True}
2022-10-20 16:30:47,681 : INFO : EventManager : Event: ======'machine_var_audits_switches_s_bot_big'====== Args={'value': 4, 'prev_value': None, 'change': True}
2022-10-20 16:30:47,682 : INFO : EventManager : Event: ======'machine_var_audits_switches_s_bot_left'====== Args={'value': 0, 'prev_value': None, 'change': True}
2022-10-20 16:30:47,682 : INFO : EventManager : Event: ======'machine_var_audits_switches_s_bot_right'====== Args={'value': 1, 'prev_value': None, 'change': True}
2022-10-20 16:30:47,682 : INFO : EventManager : Event: ======'machine_var_audits_switches_s_bot_rollover'====== Args={'value': 1, 'prev_value': None, 'change': True}
2022-10-20 16:30:47,682 : INFO : EventManager : Event: ======'machine_var_audits_switches_s_bot_vuk'====== Args={'value': 17, 'prev_value': None, 'change': True}
2022-10-20 16:30:47,683 : INFO : EventManager : Event: ======'machine_var_audits_switches_s_drop_mid_left'====== Args={'value': 114, 'prev_value': None, 'change': True}
2022-10-20 16:30:47,683 : INFO : EventManager : Event: ======'machine_var_audits_switches_s_drop_mid_mid'====== Args={'value': 131, 'prev_value': None, 'change': True}
2022-10-20 16:30:47,683 : INFO : EventManager : Event: ======'machine_var_audits_switches_s_drop_mid_right'====== Args={'value': 43, 'prev_value': None, 'change': True}
2022-10-20 16:30:47,683 : INFO : EventManager : Event: ======'machine_var_audits_switches_s_drop_right_left'====== Args={'value': 31, 'prev_value': None, 'change': True}
2022-10-20 16:30:47,684 : INFO : EventManager : Event: ======'machine_var_audits_switches_s_drop_right_right'====== Args={'value': 68, 'prev_value': None, 'change': True}
2022-10-20 16:30:47,684 : INFO : EventManager : Event: ======'machine_var_audits_switches_s_drop_single'====== Args={'value': 49, 'prev_value': None, 'change': True}
2022-10-20 16:30:47,684 : INFO : EventManager : Event: ======'machine_var_audits_switches_s_eos_left'====== Args={'value': 305, 'prev_value': None, 'change': True}
2022-10-20 16:30:47,685 : INFO : EventManager : Event: ======'machine_var_audits_switches_s_eos_left_top'====== Args={'value': 1173, 'prev_value': None, 'change': True}
2022-10-20 16:30:47,685 : INFO : EventManager : Event: ======'machine_var_audits_switches_s_eos_right'====== Args={'value': 650, 'prev_value': None, 'change': True}
2022-10-20 16:30:47,685 : INFO : EventManager : Event: ======'machine_var_audits_switches_s_launch'====== Args={'value': 115, 'prev_value': None, 'change': True}
2022-10-20 16:30:47,685 : INFO : EventManager : Event: ======'machine_var_audits_switches_s_left_flipper'====== Args={'value': 1309, 'prev_value': None, 'change': True}
2022-10-20 16:30:47,686 : INFO : EventManager : Event: ======'machine_var_audits_switches_s_left_inlane'====== Args={'value': 39, 'prev_value': None, 'change': True}
2022-10-20 16:30:47,686 : INFO : EventManager : Event: ======'machine_var_audits_switches_s_left_orbit_prox'====== Args={'value': 87, 'prev_value': None, 'change': True}
2022-10-20 16:30:47,686 : INFO : EventManager : Event: ======'machine_var_audits_switches_s_left_outlane'====== Args={'value': 7, 'prev_value': None, 'change': True}
2022-10-20 16:30:47,687 : INFO : EventManager : Event: ======'machine_var_audits_switches_s_left_return'====== Args={'value': 1, 'prev_value': None, 'change': True}
2022-10-20 16:30:47,687 : INFO : EventManager : Event: ======'machine_var_audits_switches_s_pop_left'====== Args={'value': 220, 'prev_value': None, 'change': True}
2022-10-20 16:30:47,687 : INFO : EventManager : Event: ======'machine_var_audits_switches_s_pop_lower'====== Args={'value': 326, 'prev_value': None, 'change': True}
2022-10-20 16:30:47,688 : INFO : EventManager : Event: ======'machine_var_audits_switches_s_pop_right'====== Args={'value': 390, 'prev_value': None, 'change': True}
2022-10-20 16:30:47,688 : INFO : EventManager : Event: ======'machine_var_audits_switches_s_right_flipper'====== Args={'value': 1448, 'prev_value': None, 'change': True}
2022-10-20 16:30:47,689 : INFO : EventManager : Event: ======'machine_var_audits_switches_s_right_inlane'====== Args={'value': 6, 'prev_value': None, 'change': True}
2022-10-20 16:30:47,689 : INFO : EventManager : Event: ======'machine_var_audits_switches_s_right_outlane'====== Args={'value': 156, 'prev_value': None, 'change': True}
2022-10-20 16:30:47,689 : INFO : EventManager : Event: ======'machine_var_audits_switches_s_rollover_left'====== Args={'value': 78, 'prev_value': None, 'change': True}
2022-10-20 16:30:47,690 : INFO : EventManager : Event: ======'machine_var_audits_switches_s_rollover_right'====== Args={'value': 104, 'prev_value': None, 'change': True}
2022-10-20 16:30:47,690 : INFO : EventManager : Event: ======'machine_var_audits_switches_s_sling_left'====== Args={'value': 45, 'prev_value': None, 'change': True}
2022-10-20 16:30:47,690 : INFO : EventManager : Event: ======'machine_var_audits_switches_s_sling_right'====== Args={'value': 157, 'prev_value': None, 'change': True}
2022-10-20 16:30:47,691 : INFO : EventManager : Event: ======'machine_var_audits_switches_s_start'====== Args={'value': 155, 'prev_value': None, 'change': True}
2022-10-20 16:30:47,691 : INFO : EventManager : Event: ======'machine_var_audits_switches_s_tilt'====== Args={'value': 255, 'prev_value': None, 'change': True}
2022-10-20 16:30:47,691 : INFO : EventManager : Event: ======'machine_var_audits_switches_s_transfer_rollover'====== Args={'value': 3, 'prev_value': None, 'change': True}
2022-10-20 16:30:47,692 : INFO : EventManager : Event: ======'machine_var_audits_switches_s_trough_1'====== Args={'value': 101, 'prev_value': None, 'change': True}
2022-10-20 16:30:47,692 : INFO : EventManager : Event: ======'machine_var_audits_switches_s_trough_2'====== Args={'value': 250, 'prev_value': None, 'change': True}
2022-10-20 16:30:47,692 : INFO : EventManager : Event: ======'machine_var_audits_switches_s_trough_3'====== Args={'value': 138, 'prev_value': None, 'change': True}
2022-10-20 16:30:47,693 : INFO : EventManager : Event: ======'machine_var_audits_switches_s_trough_4'====== Args={'value': 141, 'prev_value': None, 'change': True}
2022-10-20 16:30:47,693 : INFO : EventManager : Event: ======'machine_var_audits_switches_s_trough_5'====== Args={'value': 146, 'prev_value': None, 'change': True}
2022-10-20 16:30:47,693 : INFO : EventManager : Event: ======'machine_var_audits_switches_s_trough_6'====== Args={'value': 221, 'prev_value': None, 'change': True}
2022-10-20 16:30:47,694 : INFO : EventManager : Event: ======'machine_var_audits_switches_s_trough_jam'====== Args={'value': 155, 'prev_value': None, 'change': True}
2022-10-20 16:30:47,694 : INFO : EventManager : Event: ======'machine_var_audits_switches_s_upper_drop'====== Args={'value': 0, 'prev_value': None, 'change': True}
2022-10-20 16:30:47,694 : INFO : EventManager : Event: ======'machine_var_audits_switches_s_upper_rollover'====== Args={'value': 26, 'prev_value': None, 'change': True}
2022-10-20 16:30:47,695 : INFO : EventManager : Event: ======'machine_var_audits_switches_s_upper_stationary'====== Args={'value': 13, 'prev_value': None, 'change': True}
2022-10-20 16:30:47,695 : INFO : EventManager : Event: ======'machine_var_audits_switches_s_vuk_back'====== Args={'value': 1, 'prev_value': None, 'change': True}
2022-10-20 16:30:47,696 : INFO : EventManager : Event: ======'machine_var_audits_switches_s_vuk_right'====== Args={'value': 70, 'prev_value': None, 'change': True}
2022-10-20 16:30:47,696 : INFO : EventManager : Event: ======'machine_var_audits_switches_s_vuk_top'====== Args={'value': 138, 'prev_value': None, 'change': True}
2022-10-20 16:30:47,697 : INFO : EventManager : Event: ======'init_phase_5'====== Args={}
2022-10-20 16:30:47,708 : INFO : EventManager : Event: ======'init_done'====== Args={}
2022-10-20 16:30:47,708 : WARNING : FAST : Port RGB received more messages than were sent! Resetting!
2022-10-20 16:30:47,708 : WARNING : FAST : Port RGB received more messages than were sent! Resetting!
2022-10-20 16:30:47,708 : WARNING : FAST : Port RGB received more messages than were sent! Resetting!
2022-10-20 16:30:47,708 : WARNING : FAST : Port RGB received more messages than were sent! Resetting!
2022-10-20 16:30:47,709 : WARNING : FAST : Port NET received more messages than were sent! Resetting!
2022-10-20 16:30:47,709 : WARNING : FAST : Port NET received more messages than were sent! Resetting!
2022-10-20 16:30:47,709 : WARNING : FAST : Port NET received more messages than were sent! Resetting!
2022-10-20 16:30:47,709 : WARNING : FAST : Port NET received more messages than were sent! Resetting!
2022-10-20 16:30:47,709 : WARNING : FAST : Port NET received more messages than were sent! Resetting!
2022-10-20 16:30:47,709 : WARNING : FAST : Port NET received more messages than were sent! Resetting!
2022-10-20 16:30:47,709 : WARNING : FAST : Port NET received more messages than were sent! Resetting!
2022-10-20 16:30:47,709 : WARNING : FAST : Port NET received more messages than were sent! Resetting!
2022-10-20 16:30:47,709 : WARNING : FAST : Port NET received more messages than were sent! Resetting!
2022-10-20 16:30:47,709 : WARNING : FAST : Port NET received more messages than were sent! Resetting!
2022-10-20 16:30:47,709 : WARNING : FAST : Port NET received more messages than were sent! Resetting!
2022-10-20 16:30:47,709 : WARNING : FAST : Port NET received more messages than were sent! Resetting!
2022-10-20 16:30:47,709 : WARNING : FAST : Port NET received more messages than were sent! Resetting!
2022-10-20 16:30:47,709 : WARNING : FAST : Port NET received more messages than were sent! Resetting!
2022-10-20 16:30:47,709 : WARNING : FAST : Port NET received more messages than were sent! Resetting!
2022-10-20 16:30:47,709 : WARNING : FAST : Port NET received more messages than were sent! Resetting!
2022-10-20 16:30:47,709 : WARNING : FAST : Port NET received more messages than were sent! Resetting!
2022-10-20 16:30:47,709 : WARNING : FAST : Port NET received more messages than were sent! Resetting!
2022-10-20 16:30:47,709 : WARNING : FAST : Port NET received more messages than were sent! Resetting!
2022-10-20 16:30:47,709 : WARNING : FAST : Port NET received more messages than were sent! Resetting!
2022-10-20 16:30:47,709 : WARNING : FAST : Port NET received more messages than were sent! Resetting!
2022-10-20 16:30:47,710 : WARNING : FAST : Port NET received more messages than were sent! Resetting!
2022-10-20 16:30:47,710 : INFO : EventManager : Event: ======'machine_reset_phase_1'====== Args={}
2022-10-20 16:30:47,715 : INFO : EventManager : Event: ======'slide_welcome_slide_removed'====== Args={'_from_bcp': True}
2022-10-20 16:30:47,717 : INFO : EventManager : Event: ======'slide_welcome_slide_created'====== Args={'_from_bcp': True}
2022-10-20 16:30:47,718 : INFO : EventManager : Event: ======'machine_reset_phase_2'====== Args={}
2022-10-20 16:30:47,718 : INFO : EventManager : Event: ======'machine_reset_phase_3'====== Args={}
2022-10-20 16:30:47,718 : INFO : EventManager : Event: ======'mode_tilt_will_start'====== Args={'queue': <QueuedEvent>}
2022-10-20 16:30:47,719 : INFO : EventManager : Event: ======'mode_tilt_starting'====== Args={'queue': <QueuedEvent>}
2022-10-20 16:30:47,719 : INFO : drop_target_bank.mid : All targets are already up. Will not reset bank.
2022-10-20 16:30:47,719 : INFO : EventManager : Event: ======'slide_welcome_slide_active'====== Args={'_from_bcp': True}
2022-10-20 16:30:47,719 : INFO : Mode.tilt : Started. Priority: 1000000
2022-10-20 16:30:47,719 : INFO : EventManager : Event: ======'modes_active_modes_changed'====== Args={}
2022-10-20 16:30:47,719 : INFO : EventManager : Event: ======'mode_tilt_started'====== Args={'queue': <QueuedEvent>}
2022-10-20 16:30:47,720 : INFO : EventManager : Event: ======'reset_complete'====== Args={}
2022-10-20 16:30:47,720 : INFO : EventManager : Event: ======'mode_attract_will_start'====== Args={}
2022-10-20 16:30:47,720 : INFO : EventManager : Event: ======'mode_attract_starting'====== Args={}
2022-10-20 16:30:47,720 : INFO : Mode.attract : Started. Priority: 10
2022-10-20 16:30:47,721 : INFO : EventManager : Event: ======'modes_active_modes_changed'====== Args={}
2022-10-20 16:30:47,721 : INFO : EventManager : Event: ======'mode_attract_started'====== Args={}
2022-10-20 16:30:47,721 : INFO : EventManager : Event: ======'collecting_balls_complete'====== Args={}
2022-10-20 16:30:47,748 : INFO : EventManager : Event: ======'slide_press_start_created'====== Args={'_from_bcp': True}
2022-10-20 16:30:47,748 : INFO : EventManager : Event: ======'slide_press_start_active'====== Args={'_from_bcp': True}
2022-10-20 16:30:47,749 : INFO : Machine : Starting the main run loop.
2022-10-20 16:30:50,721 : INFO : EventManager : Event: ======'slide_mission_pinball_created'====== Args={'_from_bcp': True}
2022-10-20 16:30:50,721 : INFO : EventManager : Event: ======'slide_mission_pinball_active'====== Args={'_from_bcp': True}
2022-10-20 16:30:51,146 : INFO : SwitchController : <<<<<<< 's_start' active >>>>>>>
2022-10-20 16:30:51,306 : INFO : SwitchController : <<<<<<< 's_start' inactive >>>>>>>
2022-10-20 16:30:51,306 : INFO : EventManager : Event: ======'request_to_start_game'====== Args={}
2022-10-20 16:30:51,306 : INFO : EventManager : Event: ======'game_start'====== Args={'buttons': [], 'hold_time': 0.1569999999992433}
2022-10-20 16:30:51,307 : INFO : EventManager : Event: ======'mode_game_will_start'====== Args={'buttons': [], 'hold_time': 0.1569999999992433}
2022-10-20 16:30:51,307 : INFO : EventManager : Event: ======'mode_game_starting'====== Args={'buttons': [], 'hold_time': 0.1569999999992433}
2022-10-20 16:30:51,307 : INFO : EventManager : Event: ======'mode_attract_will_stop'====== Args={}
2022-10-20 16:30:51,307 : INFO : EventManager : Event: ======'mode_attract_stopping'====== Args={}
2022-10-20 16:30:51,307 : INFO : Mode.attract : Stopped.
2022-10-20 16:30:51,307 : INFO : EventManager : Event: ======'modes_active_modes_changed'====== Args={}
2022-10-20 16:30:51,308 : INFO : EventManager : Event: ======'mode_attract_stopped'====== Args={}
2022-10-20 16:30:51,308 : INFO : EventManager : Event: ======'clear'====== Args={'key': 'attract'}
2022-10-20 16:30:51,308 : INFO : Mode.game : Started. Priority: 20
2022-10-20 16:30:51,308 : INFO : EventManager : Event: ======'modes_active_modes_changed'====== Args={}
2022-10-20 16:30:51,309 : INFO : EventManager : Event: ======'mode_game_started'====== Args={'buttons': [], 'hold_time': 0.1569999999992433}
2022-10-20 16:30:51,314 : INFO : EventManager : Event: ======'game_will_start'====== Args={}
2022-10-20 16:30:51,315 : INFO : EventManager : Event: ======'slide_press_start_removed'====== Args={'_from_bcp': True}
2022-10-20 16:30:51,315 : INFO : EventManager : Event: ======'slide_mission_pinball_removed'====== Args={'_from_bcp': True}
2022-10-20 16:30:51,315 : INFO : EventManager : Event: ======'slide_welcome_slide_active'====== Args={'_from_bcp': True}
2022-10-20 16:30:51,315 : INFO : EventManager : Event: ======'game_starting'====== Args={'game': <Mode.game>}
2022-10-20 16:30:51,315 : INFO : EventManager : Event: ======'player_add_request'====== Args={}
2022-10-20 16:30:51,316 : INFO : EventManager : Event: ======'player_will_add'====== Args={'number': 1}
2022-10-20 16:30:51,316 : INFO : EventManager : Event: ======'player_adding'====== Args={'player': <Player 1>, 'number': 1}
2022-10-20 16:30:51,316 : INFO : EventManager : Event: ======'player_added'====== Args={'player': <Player 1>, 'num': 1}
2022-10-20 16:30:51,316 : INFO : Mode.game : Player added successfully. Total players: 1
2022-10-20 16:30:51,316 : INFO : EventManager : Event: ======'player_index'====== Args={'value': 0, 'prev_value': 0, 'change': 0, 'player_num': 1}
2022-10-20 16:30:51,316 : INFO : EventManager : Event: ======'player_number'====== Args={'value': 1, 'prev_value': 1, 'change': 0, 'player_num': 1}
2022-10-20 16:30:51,316 : INFO : EventManager : Event: ======'player_score'====== Args={'value': 0, 'prev_value': 0, 'change': 0, 'player_num': 1}
2022-10-20 16:30:51,317 : INFO : EventManager : Event: ======'game_started'====== Args={}
2022-10-20 16:30:51,331 : INFO : EventManager : Event: ======'player_turn_will_start'====== Args={'player': <Player 1>, 'number': 1}
2022-10-20 16:30:51,331 : INFO : EventManager : Event: ======'player_turn_starting'====== Args={'player': <Player 1>, 'number': 1}
2022-10-20 16:30:51,332 : INFO : EventManager : Event: ======'player_ball'====== Args={'value': 1, 'prev_value': 0, 'change': 1, 'player_num': 1}
2022-10-20 16:30:51,332 : INFO : EventManager : Event: ======'player_turn_started'====== Args={'player': <Player 1>, 'number': 1}
2022-10-20 16:30:51,332 : INFO : EventManager : Event: ======'ball_will_start'====== Args={'player': 1, 'ball': 1, 'balls_remaining': 2, 'is_extra_ball': False}
2022-10-20 16:30:51,335 : INFO : EventManager : Event: ======'ball_starting'====== Args={'player': 1, 'ball': 1, 'balls_remaining': 2, 'is_extra_ball': False}
2022-10-20 16:30:51,336 : INFO : EventManager : Event: ======'mode_base_will_start'====== Args={'queue': <QueuedEvent>, 'player': 1, 'ball': 1, 'balls_remaining': 2, 'is_extra_ball': False}
2022-10-20 16:30:51,336 : INFO : EventManager : Event: ======'player_shot_left_inlane_enabled'====== Args={'value': True, 'prev_value': 0, 'change': 1, 'player_num': 1}
2022-10-20 16:30:51,336 : INFO : EventManager : Event: ======'player_shot_left_outlane_enabled'====== Args={'value': True, 'prev_value': 0, 'change': 1, 'player_num': 1}
2022-10-20 16:30:51,337 : INFO : EventManager : Event: ======'player_shot_right_inlane_enabled'====== Args={'value': True, 'prev_value': 0, 'change': 1, 'player_num': 1}
2022-10-20 16:30:51,337 : INFO : EventManager : Event: ======'player_shot_right_outlane_enabled'====== Args={'value': True, 'prev_value': 0, 'change': 1, 'player_num': 1}
2022-10-20 16:30:51,337 : INFO : EventManager : Event: ======'player_shot_left_orbit_enabled'====== Args={'value': True, 'prev_value': 0, 'change': 1, 'player_num': 1}
2022-10-20 16:30:51,337 : INFO : EventManager : Event: ======'player_shot_small_cw_orbit_enabled'====== Args={'value': True, 'prev_value': 0, 'change': 1, 'player_num': 1}
2022-10-20 16:30:51,338 : INFO : EventManager : Event: ======'player_shot_small_ccw_orbit_enabled'====== Args={'value': True, 'prev_value': 0, 'change': 1, 'player_num': 1}
2022-10-20 16:30:51,338 : INFO : EventManager : Event: ======'player_shot_left_pop_enabled'====== Args={'value': True, 'prev_value': 0, 'change': 1, 'player_num': 1}
2022-10-20 16:30:51,338 : INFO : EventManager : Event: ======'player_shot_right_pop_enabled'====== Args={'value': True, 'prev_value': 0, 'change': 1, 'player_num': 1}
2022-10-20 16:30:51,338 : INFO : EventManager : Event: ======'player_shot_lower_pop_enabled'====== Args={'value': True, 'prev_value': 0, 'change': 1, 'player_num': 1}
2022-10-20 16:30:51,339 : INFO : EventManager : Event: ======'player_shot_scoop_enabled'====== Args={'value': True, 'prev_value': 0, 'change': 1, 'player_num': 1}
2022-10-20 16:30:51,339 : INFO : EventManager : Event: ======'player_shot_left_return_enabled'====== Args={'value': True, 'prev_value': 0, 'change': 1, 'player_num': 1}
2022-10-20 16:30:51,339 : INFO : EventManager : Event: ======'player_shot_single_drop_shot_enabled'====== Args={'value': True, 'prev_value': 0, 'change': 1, 'player_num': 1}
2022-10-20 16:30:51,340 : INFO : EventManager : Event: ======'mode_base_starting'====== Args={'queue': <QueuedEvent>, 'player': 1, 'ball': 1, 'balls_remaining': 2, 'is_extra_ball': False}
2022-10-20 16:30:51,341 : INFO : drop_target_bank.mid : All targets are already up. Will not reset bank.
2022-10-20 16:30:51,341 : INFO : Mode.base : Started. Priority: 100
2022-10-20 16:30:51,341 : INFO : EventManager : Event: ======'modes_active_modes_changed'====== Args={}
2022-10-20 16:30:51,341 : INFO : EventManager : Event: ======'mode_base_started'====== Args={'queue': <QueuedEvent>, 'player': 1, 'ball': 1, 'balls_remaining': 2, 'is_extra_ball': False}
2022-10-20 16:30:51,341 : INFO : EventManager : Event: ======'balls_in_play'====== Args={'balls': 1}
2022-10-20 16:30:51,342 : INFO : EventManager : Event: ======'ball_started'====== Args={'player': 1, 'ball': 1, 'balls_remaining': 2, 'is_extra_ball': False}
2022-10-20 16:30:51,343 : ERROR : asyncio : Exception in callback EventManager.process_event_queue()
handle: <Handle EventManager.process_event_queue()>
Traceback (most recent call last):
  File "c:\users\tanner\appdata\local\programs\python\python37\lib\site-packages\mpf\core\events.py", line 695, in _run_handlers
    result = handler.callback(**merged_kwargs)
  File "c:\users\tanner\appdata\local\programs\python\python37\lib\site-packages\mpf\devices\flipper.py", line 58, in event_enable
    self.enable()
  File "c:\users\tanner\appdata\local\programs\python\python37\lib\site-packages\mpf\devices\flipper.py", line 120, in enable
    self._enable_hold_coil_rule()
  File "c:\users\tanner\appdata\local\programs\python\python37\lib\site-packages\mpf\devices\flipper.py", line 219, in _enable_hold_coil_rule
    HoldRuleSettings(power=self._get_hold_power())
  File "c:\users\tanner\appdata\local\programs\python\python37\lib\site-packages\mpf\core\platform_controller.py", line 319, in set_pulse_on_hit_and_enable_and_release_rule
    driver_settings = self._get_configured_driver_with_hold(driver, pulse_setting, hold_settings)
  File "c:\users\tanner\appdata\local\programs\python\python37\lib\site-packages\mpf\core\platform_controller.py", line 162, in _get_configured_driver_with_hold
    raise AssertionError("Cannot enable driver with hold_power 0.0")
AssertionError: Cannot enable driver with hold_power 0.0

The above exception was the direct cause of the following exception:

Traceback (most recent call last):
  File "c:\users\tanner\appdata\local\programs\python\python37\lib\asyncio\events.py", line 88, in _run
    self._context.run(self._callback, *self._args)
  File "c:\users\tanner\appdata\local\programs\python\python37\lib\site-packages\mpf\core\events.py", line 782, in process_event_queue
    **event[3])
  File "c:\users\tanner\appdata\local\programs\python\python37\lib\site-packages\mpf\core\events.py", line 741, in _process_event
    result = self._run_handlers(event, ev_type, kwargs)
  File "c:\users\tanner\appdata\local\programs\python\python37\lib\site-packages\mpf\core\events.py", line 697, in _run_handlers
    raise Exception("Exception while processing {} for event {}. {}".format(handler, event, e)) from e
Exception: Exception while processing RegisteredHandler(callback=<bound method Flipper.event_enable of <flipper.back_flipper>>, priority=2, kwargs={}, key=UUID('08717ea1-7134-439a-81ae-c7fe843234f3'), condition=None, blocking_facility=None) for event ball_started. Cannot enable driver with hold_power 0.0
2022-10-20 16:30:51,366 : INFO : EventManager : Event: ======'slide_base.slide_player-mode_base_started_created'====== Args={'_from_bcp': True}
2022-10-20 16:30:51,366 : INFO : EventManager : Event: ======'slide_base.slide_player-mode_base_started_active'====== Args={'_from_bcp': True}
2022-10-20 16:30:51,367 : INFO : Machine : Shutting down...
2022-10-20 16:30:51,367 : INFO : EventManager : Event: ======'shutdown'====== Args={}
2022-10-20 16:30:51,386 : WARNING : FAST : Port RGB received more messages than were sent! Resetting!
2022-10-20 16:30:51,386 : WARNING : FAST : Port NET received more messages than were sent! Resetting!
2022-10-20 16:30:51,465 : ERROR : FAST : Stop called on serial connection com14
2022-10-20 16:30:51,465 : ERROR : FAST : Stop called on serial connection com15
2022-10-20 16:30:51,701 : ERROR : Machine : Runtime Exception
Traceback (most recent call last):
  File "c:\users\tanner\appdata\local\programs\python\python37\lib\site-packages\mpf\core\events.py", line 695, in _run_handlers
    result = handler.callback(**merged_kwargs)
  File "c:\users\tanner\appdata\local\programs\python\python37\lib\site-packages\mpf\devices\flipper.py", line 58, in event_enable
    self.enable()
  File "c:\users\tanner\appdata\local\programs\python\python37\lib\site-packages\mpf\devices\flipper.py", line 120, in enable
    self._enable_hold_coil_rule()
  File "c:\users\tanner\appdata\local\programs\python\python37\lib\site-packages\mpf\devices\flipper.py", line 219, in _enable_hold_coil_rule
    HoldRuleSettings(power=self._get_hold_power())
  File "c:\users\tanner\appdata\local\programs\python\python37\lib\site-packages\mpf\core\platform_controller.py", line 319, in set_pulse_on_hit_and_enable_and_release_rule
    driver_settings = self._get_configured_driver_with_hold(driver, pulse_setting, hold_settings)
  File "c:\users\tanner\appdata\local\programs\python\python37\lib\site-packages\mpf\core\platform_controller.py", line 162, in _get_configured_driver_with_hold
    raise AssertionError("Cannot enable driver with hold_power 0.0")
AssertionError: Cannot enable driver with hold_power 0.0

The above exception was the direct cause of the following exception:

Traceback (most recent call last):
  File "c:\users\tanner\appdata\local\programs\python\python37\lib\site-packages\mpf\core\machine.py", line 769, in _run_loop
    raise self._exception['exception']
  File "c:\users\tanner\appdata\local\programs\python\python37\lib\asyncio\events.py", line 88, in _run
    self._context.run(self._callback, *self._args)
  File "c:\users\tanner\appdata\local\programs\python\python37\lib\site-packages\mpf\core\events.py", line 782, in process_event_queue
    **event[3])
  File "c:\users\tanner\appdata\local\programs\python\python37\lib\site-packages\mpf\core\events.py", line 741, in _process_event
    result = self._run_handlers(event, ev_type, kwargs)
  File "c:\users\tanner\appdata\local\programs\python\python37\lib\site-packages\mpf\core\events.py", line 697, in _run_handlers
    raise Exception("Exception while processing {} for event {}. {}".format(handler, event, e)) from e
Exception: Exception while processing RegisteredHandler(callback=<bound method Flipper.event_enable of <flipper.back_flipper>>, priority=2, kwargs={}, key=UUID('08717ea1-7134-439a-81ae-c7fe843234f3'), condition=None, blocking_facility=None) for event ball_started. Cannot enable driver with hold_power 0.0
2022-10-20 16:32:58,090 : INFO : root : MPF run loop ended.
