2022-09-12 08:36:56,462 : INFO : root : Loading config.
2022-09-12 08:36:56,465 : INFO : YamlMultifileConfigLoader : Machine config file #1: config.yaml
2022-09-12 08:36:56,466 : WARNING : ConfigProcessor : Config file in cache changed: c:\trashland_2\config\config.yaml
2022-09-12 08:36:56,466 : INFO : ConfigProcessor : Loading config from file c:\users\tanner\appdata\local\programs\python\python37\lib\site-packages\mpf\mpfconfig.yaml.
2022-09-12 08:36:56,539 : INFO : ConfigProcessor : Loading config: c:\users\tanner\appdata\local\programs\python\python37\lib\site-packages\mpf\mpfconfig.yaml
2022-09-12 08:36:56,540 : INFO : ConfigProcessor : Loading config from file c:\trashland_2\config\config.yaml.
2022-09-12 08:36:56,639 : INFO : ConfigProcessor : Loading config: c:\trashland_2\config\config.yaml
2022-09-12 08:36:56,641 : INFO : ConfigProcessor : Config file cache created: C:\Users\Tanner\AppData\Local\Temp\a6762098cb994b55cb03a478b26022ee.mpf_cache
2022-09-12 08:36:56,712 : INFO : ConfigProcessor : Loading config from cache: C:\Users\Tanner\AppData\Local\Temp\9cf7ccc27b21f4d6162237fadfc53e5a.mpf_cache
2022-09-12 08:36:56,713 : INFO : ConfigProcessor : Loading config from cache: C:\Users\Tanner\AppData\Local\Temp\c215df352878fee5d54f1a5ec5b16e7c.mpf_cache
2022-09-12 08:36:56,714 : INFO : ConfigProcessor : Loading config from cache: C:\Users\Tanner\AppData\Local\Temp\abaa92c43d134e3392cbb2346e6a16be.mpf_cache
2022-09-12 08:36:56,715 : INFO : ConfigProcessor : Loading config from cache: C:\Users\Tanner\AppData\Local\Temp\fc46d53fcb9fe6b8abf783d9c813390a.mpf_cache
2022-09-12 08:36:56,716 : INFO : Machine : Mission Pinball Framework Core Engine v0.55.0
2022-09-12 08:36:56,716 : INFO : Machine : Command line arguments: {'no_load_cache': False, 'create_config_cache': True, 'bcp': False, 'configfile': ['config.yaml'], 'force_assets_load': False, 'jsonlogging': False, 'logfile': 'logs\\2022-09-12-08-36-56-mpf-DESKTOP-7HNFDQ5.log', 'pause': False, 'production': False, 'text_ui': True, 'loglevel': 15, 'consoleloglevel': 20, 'force_platform': None, 'syslog_address': None, 'mc_file_name': None, 'no_sound': False}
2022-09-12 08:36:56,716 : INFO : Machine : MPF path: c:\users\tanner\appdata\local\programs\python\python37\lib\site-packages\mpf
2022-09-12 08:36:56,716 : INFO : Machine : Machine path: c:\trashland_2
2022-09-12 08:36:56,717 : INFO : Machine : Platform: win32
2022-09-12 08:36:56,717 : INFO : Machine : Python executable location: c:\users\tanner\appdata\local\programs\python\python37\python.exe
2022-09-12 08:36:56,717 : INFO : Machine : Python version: 3.7.8 (64-bit)
2022-09-12 08:36:56,718 : INFO : Machine : Initialise MPF.
2022-09-12 08:36:57,014 : INFO : FAST : Connecting to com20 at 921600bps
2022-09-12 08:36:57,130 : INFO : FAST : Connected! Processor: NET, Board Type: FP-CPU-002-2, Firmware: 01.00
2022-09-12 08:36:57,130 : INFO : EventManager : Event: ======'machine_var_fast_net_firmware'====== Args={'value': '01.00', 'prev_value': None, 'change': True}
2022-09-12 08:36:57,131 : INFO : EventManager : Event: ======'machine_var_fast_net_model'====== Args={'value': 'FP-CPU-002-2', 'prev_value': None, 'change': True}
2022-09-12 08:37:02,132 : WARNING : FAST : Reset of NET CPU failed. This might be a firmware bug in your version.
2022-09-12 08:37:02,748 : INFO : FAST : Connecting to com21 at 921600bps
2022-09-12 08:37:02,858 : INFO : FAST : Connected! Processor: RGB, Board Type: FP-CPU-002-2, Firmware: 01.00
2022-09-12 08:37:02,858 : INFO : EventManager : Event: ======'machine_var_fast_rgb_firmware'====== Args={'value': '01.00', 'prev_value': None, 'change': True}
2022-09-12 08:37:02,858 : INFO : EventManager : Event: ======'machine_var_fast_rgb_model'====== Args={'value': 'FP-CPU-002-2', 'prev_value': None, 'change': True}
2022-09-12 08:37:02,859 : INFO : EventManager : Event: ======'machine_var_credits_string'====== Args={'value': 'FREE PLAY', 'prev_value': None, 'change': True}
2022-09-12 08:37:02,908 : INFO : EventManager : Event: ======'machine_var_master_volume'====== Args={'value': 0.5, 'prev_value': None, 'change': True}
2022-09-12 08:37:02,908 : INFO : EventManager : Event: ======'machine_var_mpf_version'====== Args={'value': 'MPF v0.55.0', 'prev_value': None, 'change': True}
2022-09-12 08:37:02,908 : INFO : EventManager : Event: ======'machine_var_mpf_extended_version'====== Args={'value': 'MPF v0.55.0, Config version:5, Show version: 5, BCP version:1.1', 'prev_value': None, 'change': True}
2022-09-12 08:37:02,908 : INFO : EventManager : Event: ======'machine_var_python_version'====== Args={'value': '3.7.8', 'prev_value': None, 'change': True}
2022-09-12 08:37:02,908 : INFO : EventManager : Event: ======'machine_var_platform'====== Args={'value': 'Windows-10-10.0.19041-SP0', 'prev_value': None, 'change': True}
2022-09-12 08:37:02,908 : INFO : EventManager : Event: ======'machine_var_platform_system'====== Args={'value': 'Windows', 'prev_value': None, 'change': True}
2022-09-12 08:37:02,908 : INFO : EventManager : Event: ======'machine_var_platform_release'====== Args={'value': '10', 'prev_value': None, 'change': True}
2022-09-12 08:37:02,908 : INFO : EventManager : Event: ======'machine_var_platform_version'====== Args={'value': '10.0.19041', 'prev_value': None, 'change': True}
2022-09-12 08:37:02,908 : INFO : EventManager : Event: ======'machine_var_platform_machine'====== Args={'value': 'AMD64', 'prev_value': None, 'change': True}
2022-09-12 08:37:02,909 : INFO : EventManager : Event: ======'init_phase_1'====== Args={}
2022-09-12 08:37:02,941 : INFO : EventManager : Event: ======'drop_target_bank_right_up'====== Args={}
2022-09-12 08:37:02,960 : INFO : EventManager : Event: ======'init_phase_2'====== Args={}
2022-09-12 08:37:02,960 : INFO : SwitchController : Found active switch: (('32', 1), <Platform.FAST>) <switch.s_drop_single>
2022-09-12 08:37:02,960 : INFO : SwitchController : Found active switch: (('3E', 1), <Platform.FAST>) <switch.s_trough_1>
2022-09-12 08:37:02,961 : INFO : SwitchController : Found active switch: (('3D', 1), <Platform.FAST>) <switch.s_trough_jam>
2022-09-12 08:37:02,961 : INFO : SwitchController : Found active switch: (('5D', 1), <Platform.FAST>) <switch.s_bot_vuk>
2022-09-12 08:37:02,966 : INFO : ball_device.bd_trough : BCH: Initial count: 2
2022-09-12 08:37:02,967 : INFO : ball_device.bd_trough : State: idle
2022-09-12 08:37:02,968 : INFO : ball_device.bd_plunger : BCH: Initial count: 0
2022-09-12 08:37:02,968 : INFO : ball_device.bd_plunger : State: idle
2022-09-12 08:37:03,007 : INFO : EventManager : Event: ======'init_phase_3'====== Args={}
2022-09-12 08:37:03,063 : INFO : EventManager : Event: ======'init_phase_4'====== Args={}
2022-09-12 08:37:03,064 : INFO : EventManager : Event: ======'playfield_active'====== Args={}
2022-09-12 08:37:03,064 : INFO : EventManager : Event: ======'unexpected_ball_on_playfield'====== Args={}
2022-09-12 08:37:03,064 : INFO : EventManager : Event: ======'playfield_active'====== Args={}
2022-09-12 08:37:03,064 : INFO : EventManager : Event: ======'unexpected_ball_on_playfield'====== Args={}
2022-09-12 08:37:03,064 : INFO : EventManager : Event: ======'playfield_active'====== Args={}
2022-09-12 08:37:03,064 : INFO : EventManager : Event: ======'unexpected_ball_on_playfield'====== Args={}
2022-09-12 08:37:03,064 : INFO : EventManager : Event: ======'drop_target_d_drop_single_down'====== Args={'device': <drop_target.d_drop_single>}
2022-09-12 08:37:03,065 : INFO : EventManager : Event: ======'playfield_active'====== Args={}
2022-09-12 08:37:03,065 : INFO : EventManager : Event: ======'unexpected_ball_on_playfield'====== Args={}
2022-09-12 08:37:03,065 : INFO : EventManager : Event: ======'playfield_active'====== Args={}
2022-09-12 08:37:03,065 : INFO : EventManager : Event: ======'unexpected_ball_on_playfield'====== Args={}
2022-09-12 08:37:03,065 : INFO : EventManager : Event: ======'playfield_active'====== Args={}
2022-09-12 08:37:03,065 : INFO : EventManager : Event: ======'unexpected_ball_on_playfield'====== Args={}
2022-09-12 08:37:03,065 : INFO : BallController : Initial balls found: 2
2022-09-12 08:37:03,067 : INFO : EventManager : Event: ======'machine_var_audits_events_game_ended'====== Args={'value': 0, 'prev_value': None, 'change': True}
2022-09-12 08:37:03,067 : INFO : EventManager : Event: ======'machine_var_audits_events_game_started'====== Args={'value': 0, 'prev_value': None, 'change': True}
2022-09-12 08:37:03,067 : INFO : EventManager : Event: ======'machine_var_audits_player_score'====== Args={'value': {'average': 0, 'top': [], 'total': 0}, 'prev_value': None, 'change': True}
2022-09-12 08:37:03,067 : INFO : EventManager : Event: ======'machine_var_audits_switches_s_autolauncher'====== Args={'value': 69, 'prev_value': None, 'change': True}
2022-09-12 08:37:03,067 : INFO : EventManager : Event: ======'machine_var_audits_switches_s_back_pop'====== Args={'value': 0, 'prev_value': None, 'change': True}
2022-09-12 08:37:03,068 : INFO : EventManager : Event: ======'machine_var_audits_switches_s_back_rollover'====== Args={'value': 0, 'prev_value': None, 'change': True}
2022-09-12 08:37:03,068 : INFO : EventManager : Event: ======'machine_var_audits_switches_s_back_stationary'====== Args={'value': 0, 'prev_value': None, 'change': True}
2022-09-12 08:37:03,068 : INFO : EventManager : Event: ======'machine_var_audits_switches_s_bot_back'====== Args={'value': 0, 'prev_value': None, 'change': True}
2022-09-12 08:37:03,068 : INFO : EventManager : Event: ======'machine_var_audits_switches_s_bot_big'====== Args={'value': 0, 'prev_value': None, 'change': True}
2022-09-12 08:37:03,068 : INFO : EventManager : Event: ======'machine_var_audits_switches_s_bot_left'====== Args={'value': 0, 'prev_value': None, 'change': True}
2022-09-12 08:37:03,068 : INFO : EventManager : Event: ======'machine_var_audits_switches_s_bot_right'====== Args={'value': 0, 'prev_value': None, 'change': True}
2022-09-12 08:37:03,068 : INFO : EventManager : Event: ======'machine_var_audits_switches_s_bot_rollover'====== Args={'value': 0, 'prev_value': None, 'change': True}
2022-09-12 08:37:03,069 : INFO : EventManager : Event: ======'machine_var_audits_switches_s_bot_vuk'====== Args={'value': 0, 'prev_value': None, 'change': True}
2022-09-12 08:37:03,069 : INFO : EventManager : Event: ======'machine_var_audits_switches_s_drop_mid_left'====== Args={'value': 45, 'prev_value': None, 'change': True}
2022-09-12 08:37:03,069 : INFO : EventManager : Event: ======'machine_var_audits_switches_s_drop_mid_mid'====== Args={'value': 46, 'prev_value': None, 'change': True}
2022-09-12 08:37:03,069 : INFO : EventManager : Event: ======'machine_var_audits_switches_s_drop_mid_right'====== Args={'value': 5, 'prev_value': None, 'change': True}
2022-09-12 08:37:03,069 : INFO : EventManager : Event: ======'machine_var_audits_switches_s_drop_right_left'====== Args={'value': 7, 'prev_value': None, 'change': True}
2022-09-12 08:37:03,069 : INFO : EventManager : Event: ======'machine_var_audits_switches_s_drop_right_right'====== Args={'value': 6, 'prev_value': None, 'change': True}
2022-09-12 08:37:03,069 : INFO : EventManager : Event: ======'machine_var_audits_switches_s_drop_single'====== Args={'value': 40, 'prev_value': None, 'change': True}
2022-09-12 08:37:03,070 : INFO : EventManager : Event: ======'machine_var_audits_switches_s_eos_left'====== Args={'value': 26, 'prev_value': None, 'change': True}
2022-09-12 08:37:03,070 : INFO : EventManager : Event: ======'machine_var_audits_switches_s_eos_left_top'====== Args={'value': 24, 'prev_value': None, 'change': True}
2022-09-12 08:37:03,070 : INFO : EventManager : Event: ======'machine_var_audits_switches_s_eos_right'====== Args={'value': 0, 'prev_value': None, 'change': True}
2022-09-12 08:37:03,070 : INFO : EventManager : Event: ======'machine_var_audits_switches_s_launch'====== Args={'value': 0, 'prev_value': None, 'change': True}
2022-09-12 08:37:03,070 : INFO : EventManager : Event: ======'machine_var_audits_switches_s_left_flipper'====== Args={'value': 47, 'prev_value': None, 'change': True}
2022-09-12 08:37:03,071 : INFO : EventManager : Event: ======'machine_var_audits_switches_s_left_inlane'====== Args={'value': 0, 'prev_value': None, 'change': True}
2022-09-12 08:37:03,071 : INFO : EventManager : Event: ======'machine_var_audits_switches_s_left_outlane'====== Args={'value': 0, 'prev_value': None, 'change': True}
2022-09-12 08:37:03,071 : INFO : EventManager : Event: ======'machine_var_audits_switches_s_pop_left'====== Args={'value': 8, 'prev_value': None, 'change': True}
2022-09-12 08:37:03,071 : INFO : EventManager : Event: ======'machine_var_audits_switches_s_pop_lower'====== Args={'value': 20, 'prev_value': None, 'change': True}
2022-09-12 08:37:03,071 : INFO : EventManager : Event: ======'machine_var_audits_switches_s_pop_right'====== Args={'value': 26, 'prev_value': None, 'change': True}
2022-09-12 08:37:03,071 : INFO : EventManager : Event: ======'machine_var_audits_switches_s_right_flipper'====== Args={'value': 44, 'prev_value': None, 'change': True}
2022-09-12 08:37:03,072 : INFO : EventManager : Event: ======'machine_var_audits_switches_s_right_inlane'====== Args={'value': 0, 'prev_value': None, 'change': True}
2022-09-12 08:37:03,072 : INFO : EventManager : Event: ======'machine_var_audits_switches_s_right_outlane'====== Args={'value': 1, 'prev_value': None, 'change': True}
2022-09-12 08:37:03,072 : INFO : EventManager : Event: ======'machine_var_audits_switches_s_rollover_left'====== Args={'value': 3, 'prev_value': None, 'change': True}
2022-09-12 08:37:03,072 : INFO : EventManager : Event: ======'machine_var_audits_switches_s_rollover_right'====== Args={'value': 1, 'prev_value': None, 'change': True}
2022-09-12 08:37:03,072 : INFO : EventManager : Event: ======'machine_var_audits_switches_s_sling_left'====== Args={'value': 3, 'prev_value': None, 'change': True}
2022-09-12 08:37:03,073 : INFO : EventManager : Event: ======'machine_var_audits_switches_s_sling_right'====== Args={'value': 0, 'prev_value': None, 'change': True}
2022-09-12 08:37:03,073 : INFO : EventManager : Event: ======'machine_var_audits_switches_s_start'====== Args={'value': 86, 'prev_value': None, 'change': True}
2022-09-12 08:37:03,073 : INFO : EventManager : Event: ======'machine_var_audits_switches_s_tilt'====== Args={'value': 0, 'prev_value': None, 'change': True}
2022-09-12 08:37:03,073 : INFO : EventManager : Event: ======'machine_var_audits_switches_s_transfer_rollover'====== Args={'value': 0, 'prev_value': None, 'change': True}
2022-09-12 08:37:03,074 : INFO : EventManager : Event: ======'machine_var_audits_switches_s_trough_1'====== Args={'value': 56, 'prev_value': None, 'change': True}
2022-09-12 08:37:03,074 : INFO : EventManager : Event: ======'machine_var_audits_switches_s_trough_2'====== Args={'value': 46, 'prev_value': None, 'change': True}
2022-09-12 08:37:03,074 : INFO : EventManager : Event: ======'machine_var_audits_switches_s_trough_3'====== Args={'value': 45, 'prev_value': None, 'change': True}
2022-09-12 08:37:03,074 : INFO : EventManager : Event: ======'machine_var_audits_switches_s_trough_4'====== Args={'value': 46, 'prev_value': None, 'change': True}
2022-09-12 08:37:03,075 : INFO : EventManager : Event: ======'machine_var_audits_switches_s_trough_5'====== Args={'value': 49, 'prev_value': None, 'change': True}
2022-09-12 08:37:03,075 : INFO : EventManager : Event: ======'machine_var_audits_switches_s_trough_6'====== Args={'value': 52, 'prev_value': None, 'change': True}
2022-09-12 08:37:03,075 : INFO : EventManager : Event: ======'machine_var_audits_switches_s_trough_jam'====== Args={'value': 107, 'prev_value': None, 'change': True}
2022-09-12 08:37:03,075 : INFO : EventManager : Event: ======'machine_var_audits_switches_s_upper_drop'====== Args={'value': 0, 'prev_value': None, 'change': True}
2022-09-12 08:37:03,075 : INFO : EventManager : Event: ======'machine_var_audits_switches_s_upper_rollover'====== Args={'value': 0, 'prev_value': None, 'change': True}
2022-09-12 08:37:03,076 : INFO : EventManager : Event: ======'machine_var_audits_switches_s_upper_stationary'====== Args={'value': 0, 'prev_value': None, 'change': True}
2022-09-12 08:37:03,076 : INFO : EventManager : Event: ======'machine_var_audits_switches_s_vuk_back'====== Args={'value': 0, 'prev_value': None, 'change': True}
2022-09-12 08:37:03,076 : INFO : EventManager : Event: ======'machine_var_audits_switches_s_vuk_right'====== Args={'value': 0, 'prev_value': None, 'change': True}
2022-09-12 08:37:03,077 : INFO : EventManager : Event: ======'init_phase_5'====== Args={}
2022-09-12 08:37:03,123 : INFO : EventManager : Event: ======'init_done'====== Args={}
2022-09-12 08:37:03,124 : INFO : EventManager : Event: ======'machine_reset_phase_1'====== Args={}
2022-09-12 08:37:03,125 : INFO : EventManager : Event: ======'machine_reset_phase_2'====== Args={}
2022-09-12 08:37:03,126 : INFO : EventManager : Event: ======'machine_reset_phase_3'====== Args={}
2022-09-12 08:37:03,126 : INFO : drop_target_bank.right : All targets are already up. Will not reset bank.
2022-09-12 08:37:03,127 : INFO : coil.c_drop_single : Pulsing Driver for 10ms (1.0 pulse_power)
2022-09-12 08:37:03,127 : INFO : EventManager : Event: ======'reset_complete'====== Args={}
2022-09-12 08:37:03,128 : INFO : EventManager : Event: ======'mode_attract_will_start'====== Args={}
2022-09-12 08:37:03,128 : INFO : EventManager : Event: ======'mode_attract_starting'====== Args={}
2022-09-12 08:37:03,128 : INFO : Mode.attract : Started. Priority: 10
2022-09-12 08:37:03,128 : INFO : EventManager : Event: ======'modes_active_modes_changed'====== Args={}
2022-09-12 08:37:03,128 : INFO : EventManager : Event: ======'mode_attract_started'====== Args={}
2022-09-12 08:37:03,129 : INFO : EventManager : Event: ======'collecting_balls_complete'====== Args={}
2022-09-12 08:37:03,150 : INFO : Machine : Starting the main run loop.
2022-09-12 08:37:03,407 : INFO : BcpServer : New client connected.
2022-09-12 08:37:08,549 : INFO : SwitchController : <<<<<<< 's_start' active >>>>>>>
2022-09-12 08:37:08,676 : INFO : SwitchController : <<<<<<< 's_start' inactive >>>>>>>
2022-09-12 08:37:08,676 : INFO : EventManager : Event: ======'request_to_start_game'====== Args={}
2022-09-12 08:37:08,677 : INFO : EventManager : Event: ======'game_start'====== Args={'buttons': [], 'hold_time': 0.125}
2022-09-12 08:37:08,677 : INFO : EventManager : Event: ======'mode_game_will_start'====== Args={'buttons': [], 'hold_time': 0.125}
2022-09-12 08:37:08,678 : INFO : EventManager : Event: ======'mode_game_starting'====== Args={'buttons': [], 'hold_time': 0.125}
2022-09-12 08:37:08,678 : INFO : EventManager : Event: ======'mode_attract_will_stop'====== Args={}
2022-09-12 08:37:08,678 : INFO : EventManager : Event: ======'mode_attract_stopping'====== Args={}
2022-09-12 08:37:08,679 : INFO : Mode.attract : Stopped.
2022-09-12 08:37:08,679 : INFO : EventManager : Event: ======'modes_active_modes_changed'====== Args={}
2022-09-12 08:37:08,679 : INFO : EventManager : Event: ======'mode_attract_stopped'====== Args={}
2022-09-12 08:37:08,680 : INFO : EventManager : Event: ======'clear'====== Args={'key': 'attract'}
2022-09-12 08:37:08,680 : INFO : Mode.game : Started. Priority: 20
2022-09-12 08:37:08,680 : INFO : EventManager : Event: ======'modes_active_modes_changed'====== Args={}
2022-09-12 08:37:08,680 : INFO : EventManager : Event: ======'mode_game_started'====== Args={'buttons': [], 'hold_time': 0.125}
2022-09-12 08:37:08,686 : INFO : EventManager : Event: ======'game_will_start'====== Args={}
2022-09-12 08:37:08,686 : INFO : EventManager : Event: ======'game_starting'====== Args={'game': <Mode.game>}
2022-09-12 08:37:08,689 : INFO : EventManager : Event: ======'player_add_request'====== Args={}
2022-09-12 08:37:08,689 : INFO : EventManager : Event: ======'player_will_add'====== Args={'number': 1}
2022-09-12 08:37:08,689 : INFO : EventManager : Event: ======'player_adding'====== Args={'player': <Player 1>, 'number': 1}
2022-09-12 08:37:08,689 : INFO : EventManager : Event: ======'player_added'====== Args={'player': <Player 1>, 'num': 1}
2022-09-12 08:37:08,690 : INFO : Mode.game : Player added successfully. Total players: 1
2022-09-12 08:37:08,690 : INFO : EventManager : Event: ======'player_index'====== Args={'value': 0, 'prev_value': 0, 'change': 0, 'player_num': 1}
2022-09-12 08:37:08,690 : INFO : EventManager : Event: ======'player_number'====== Args={'value': 1, 'prev_value': 1, 'change': 0, 'player_num': 1}
2022-09-12 08:37:08,690 : INFO : EventManager : Event: ======'player_score'====== Args={'value': 0, 'prev_value': 0, 'change': 0, 'player_num': 1}
2022-09-12 08:37:08,691 : INFO : EventManager : Event: ======'game_started'====== Args={}
2022-09-12 08:37:08,703 : INFO : EventManager : Event: ======'player_turn_will_start'====== Args={'player': <Player 1>, 'number': 1}
2022-09-12 08:37:08,704 : INFO : EventManager : Event: ======'player_turn_starting'====== Args={'player': <Player 1>, 'number': 1}
2022-09-12 08:37:08,704 : INFO : EventManager : Event: ======'player_ball'====== Args={'value': 1, 'prev_value': 0, 'change': 1, 'player_num': 1}
2022-09-12 08:37:08,704 : INFO : EventManager : Event: ======'player_turn_started'====== Args={'player': <Player 1>, 'number': 1}
2022-09-12 08:37:08,705 : INFO : EventManager : Event: ======'ball_will_start'====== Args={'player': 1, 'ball': 1, 'balls_remaining': 2, 'is_extra_ball': False}
2022-09-12 08:37:08,709 : INFO : EventManager : Event: ======'ball_starting'====== Args={'player': 1, 'ball': 1, 'balls_remaining': 2, 'is_extra_ball': False}
2022-09-12 08:37:08,710 : INFO : drop_target_bank.right : All targets are already up. Will not reset bank.
2022-09-12 08:37:08,710 : INFO : coil.c_drop_single : Pulsing Driver for 10ms (1.0 pulse_power)
2022-09-12 08:37:08,710 : INFO : EventManager : Event: ======'balls_in_play'====== Args={'balls': 1}
2022-09-12 08:37:08,711 : INFO : EventManager : Event: ======'ball_started'====== Args={'player': 1, 'ball': 1, 'balls_remaining': 2, 'is_extra_ball': False}
2022-09-12 08:37:08,712 : ERROR : asyncio : Exception in callback EventManager.process_event_queue()
handle: <Handle EventManager.process_event_queue()>
Traceback (most recent call last):
  File "c:\users\tanner\appdata\local\programs\python\python37\lib\site-packages\mpf\core\events.py", line 695, in _run_handlers
    result = handler.callback(**merged_kwargs)
  File "c:\users\tanner\appdata\local\programs\python\python37\lib\site-packages\mpf\devices\flipper.py", line 58, in event_enable
    self.enable()
  File "c:\users\tanner\appdata\local\programs\python\python37\lib\site-packages\mpf\devices\flipper.py", line 117, in enable
    self._enable_single_coil_rule()
  File "c:\users\tanner\appdata\local\programs\python\python37\lib\site-packages\mpf\devices\flipper.py", line 198, in _enable_single_coil_rule
    HoldRuleSettings(power=self._get_hold_power())
  File "c:\users\tanner\appdata\local\programs\python\python37\lib\site-packages\mpf\core\platform_controller.py", line 319, in set_pulse_on_hit_and_enable_and_release_rule
    driver_settings = self._get_configured_driver_with_hold(driver, pulse_setting, hold_settings)
  File "c:\users\tanner\appdata\local\programs\python\python37\lib\site-packages\mpf\core\platform_controller.py", line 162, in _get_configured_driver_with_hold
    raise AssertionError("Cannot enable driver with hold_power 0.0")
AssertionError: Cannot enable driver with hold_power 0.0

The above exception was the direct cause of the following exception:

Traceback (most recent call last):
  File "c:\users\tanner\appdata\local\programs\python\python37\lib\asyncio\events.py", line 88, in _run
    self._context.run(self._callback, *self._args)
  File "c:\users\tanner\appdata\local\programs\python\python37\lib\site-packages\mpf\core\events.py", line 782, in process_event_queue
    **event[3])
  File "c:\users\tanner\appdata\local\programs\python\python37\lib\site-packages\mpf\core\events.py", line 741, in _process_event
    result = self._run_handlers(event, ev_type, kwargs)
  File "c:\users\tanner\appdata\local\programs\python\python37\lib\site-packages\mpf\core\events.py", line 697, in _run_handlers
    raise Exception("Exception while processing {} for event {}. {}".format(handler, event, e)) from e
Exception: Exception while processing RegisteredHandler(callback=<bound method Flipper.event_enable of <flipper.bot_top_flipper>>, priority=2, kwargs={}, key=UUID('d405318e-2328-4797-8fd9-1a4e2e5edad2'), condition=None, blocking_facility=None) for event ball_started. Cannot enable driver with hold_power 0.0
2022-09-12 08:37:08,715 : INFO : Machine : Shutting down...
2022-09-12 08:37:08,715 : INFO : EventManager : Event: ======'shutdown'====== Args={}
2022-09-12 08:37:08,740 : WARNING : FAST : Port NET received more messages than were sent! Resetting!
2022-09-12 08:37:08,741 : INFO : SwitchController : <<<<<<< 's_drop_single' inactive >>>>>>>
2022-09-12 08:37:08,742 : WARNING : FAST : Port RGB received more messages than were sent! Resetting!
2022-09-12 08:37:08,743 : WARNING : FAST : Received unknown serial command? BX:P from RGB.
2022-09-12 08:37:08,804 : ERROR : FAST : Stop called on serial connection com20
2022-09-12 08:37:08,805 : ERROR : FAST : Stop called on serial connection com21
2022-09-12 08:37:09,042 : ERROR : Machine : Runtime Exception
Traceback (most recent call last):
  File "c:\users\tanner\appdata\local\programs\python\python37\lib\site-packages\mpf\core\events.py", line 695, in _run_handlers
    result = handler.callback(**merged_kwargs)
  File "c:\users\tanner\appdata\local\programs\python\python37\lib\site-packages\mpf\devices\flipper.py", line 58, in event_enable
    self.enable()
  File "c:\users\tanner\appdata\local\programs\python\python37\lib\site-packages\mpf\devices\flipper.py", line 117, in enable
    self._enable_single_coil_rule()
  File "c:\users\tanner\appdata\local\programs\python\python37\lib\site-packages\mpf\devices\flipper.py", line 198, in _enable_single_coil_rule
    HoldRuleSettings(power=self._get_hold_power())
  File "c:\users\tanner\appdata\local\programs\python\python37\lib\site-packages\mpf\core\platform_controller.py", line 319, in set_pulse_on_hit_and_enable_and_release_rule
    driver_settings = self._get_configured_driver_with_hold(driver, pulse_setting, hold_settings)
  File "c:\users\tanner\appdata\local\programs\python\python37\lib\site-packages\mpf\core\platform_controller.py", line 162, in _get_configured_driver_with_hold
    raise AssertionError("Cannot enable driver with hold_power 0.0")
AssertionError: Cannot enable driver with hold_power 0.0

The above exception was the direct cause of the following exception:

Traceback (most recent call last):
  File "c:\users\tanner\appdata\local\programs\python\python37\lib\site-packages\mpf\core\machine.py", line 769, in _run_loop
    raise self._exception['exception']
  File "c:\users\tanner\appdata\local\programs\python\python37\lib\asyncio\events.py", line 88, in _run
    self._context.run(self._callback, *self._args)
  File "c:\users\tanner\appdata\local\programs\python\python37\lib\site-packages\mpf\core\events.py", line 782, in process_event_queue
    **event[3])
  File "c:\users\tanner\appdata\local\programs\python\python37\lib\site-packages\mpf\core\events.py", line 741, in _process_event
    result = self._run_handlers(event, ev_type, kwargs)
  File "c:\users\tanner\appdata\local\programs\python\python37\lib\site-packages\mpf\core\events.py", line 697, in _run_handlers
    raise Exception("Exception while processing {} for event {}. {}".format(handler, event, e)) from e
Exception: Exception while processing RegisteredHandler(callback=<bound method Flipper.event_enable of <flipper.bot_top_flipper>>, priority=2, kwargs={}, key=UUID('d405318e-2328-4797-8fd9-1a4e2e5edad2'), condition=None, blocking_facility=None) for event ball_started. Cannot enable driver with hold_power 0.0
2022-09-12 08:38:49,479 : INFO : root : MPF run loop ended.
