2022-09-11 21:56:28,114 : INFO : root : Loading config.
2022-09-11 21:56:28,117 : INFO : YamlMultifileConfigLoader : Machine config file #1: config.yaml
2022-09-11 21:56:28,118 : INFO : ConfigProcessor : Loading config from cache: C:\Users\Tanner\AppData\Local\Temp\a6762098cb994b55cb03a478b26022ee.mpf_cache
2022-09-11 21:56:28,197 : INFO : ConfigProcessor : Loading config from cache: C:\Users\Tanner\AppData\Local\Temp\9cf7ccc27b21f4d6162237fadfc53e5a.mpf_cache
2022-09-11 21:56:28,198 : INFO : ConfigProcessor : Loading config from cache: C:\Users\Tanner\AppData\Local\Temp\c215df352878fee5d54f1a5ec5b16e7c.mpf_cache
2022-09-11 21:56:28,200 : INFO : ConfigProcessor : Loading config from cache: C:\Users\Tanner\AppData\Local\Temp\abaa92c43d134e3392cbb2346e6a16be.mpf_cache
2022-09-11 21:56:28,200 : INFO : ConfigProcessor : Loading config from cache: C:\Users\Tanner\AppData\Local\Temp\fc46d53fcb9fe6b8abf783d9c813390a.mpf_cache
2022-09-11 21:56:28,201 : INFO : Machine : Mission Pinball Framework Core Engine v0.55.0
2022-09-11 21:56:28,201 : INFO : Machine : Command line arguments: {'no_load_cache': False, 'create_config_cache': True, 'bcp': False, 'configfile': ['config.yaml'], 'force_assets_load': False, 'jsonlogging': False, 'logfile': 'logs\\2022-09-11-21-56-28-mpf-DESKTOP-7HNFDQ5.log', 'pause': False, 'production': False, 'text_ui': True, 'loglevel': 15, 'consoleloglevel': 20, 'force_platform': None, 'syslog_address': None, 'mc_file_name': None, 'no_sound': False}
2022-09-11 21:56:28,201 : INFO : Machine : MPF path: c:\users\tanner\appdata\local\programs\python\python37\lib\site-packages\mpf
2022-09-11 21:56:28,201 : INFO : Machine : Machine path: c:\trashland_2
2022-09-11 21:56:28,201 : INFO : Machine : Platform: win32
2022-09-11 21:56:28,201 : INFO : Machine : Python executable location: c:\users\tanner\appdata\local\programs\python\python37\python.exe
2022-09-11 21:56:28,201 : INFO : Machine : Python version: 3.7.8 (64-bit)
2022-09-11 21:56:28,203 : INFO : Machine : Initialise MPF.
2022-09-11 21:56:28,485 : INFO : FAST : Connecting to com20 at 921600bps
2022-09-11 21:56:28,603 : INFO : FAST : Connected! Processor: NET, Board Type: FP-CPU-002-2, Firmware: 01.00
2022-09-11 21:56:28,603 : INFO : EventManager : Event: ======'machine_var_fast_net_firmware'====== Args={'value': '01.00', 'prev_value': None, 'change': True}
2022-09-11 21:56:28,603 : INFO : EventManager : Event: ======'machine_var_fast_net_model'====== Args={'value': 'FP-CPU-002-2', 'prev_value': None, 'change': True}
2022-09-11 21:56:33,593 : WARNING : FAST : Reset of NET CPU failed. This might be a firmware bug in your version.
2022-09-11 21:56:34,209 : INFO : FAST : Connecting to com21 at 921600bps
2022-09-11 21:56:34,319 : INFO : FAST : Connected! Processor: RGB, Board Type: FP-CPU-002-2, Firmware: 01.00
2022-09-11 21:56:34,319 : INFO : EventManager : Event: ======'machine_var_fast_rgb_firmware'====== Args={'value': '01.00', 'prev_value': None, 'change': True}
2022-09-11 21:56:34,319 : INFO : EventManager : Event: ======'machine_var_fast_rgb_model'====== Args={'value': 'FP-CPU-002-2', 'prev_value': None, 'change': True}
2022-09-11 21:56:34,320 : INFO : EventManager : Event: ======'machine_var_credits_string'====== Args={'value': 'FREE PLAY', 'prev_value': None, 'change': True}
2022-09-11 21:56:34,367 : INFO : EventManager : Event: ======'machine_var_master_volume'====== Args={'value': 0.5, 'prev_value': None, 'change': True}
2022-09-11 21:56:34,367 : INFO : EventManager : Event: ======'machine_var_mpf_version'====== Args={'value': 'MPF v0.55.0', 'prev_value': None, 'change': True}
2022-09-11 21:56:34,367 : INFO : EventManager : Event: ======'machine_var_mpf_extended_version'====== Args={'value': 'MPF v0.55.0, Config version:5, Show version: 5, BCP version:1.1', 'prev_value': None, 'change': True}
2022-09-11 21:56:34,367 : INFO : EventManager : Event: ======'machine_var_python_version'====== Args={'value': '3.7.8', 'prev_value': None, 'change': True}
2022-09-11 21:56:34,367 : INFO : EventManager : Event: ======'machine_var_platform'====== Args={'value': 'Windows-10-10.0.19041-SP0', 'prev_value': None, 'change': True}
2022-09-11 21:56:34,367 : INFO : EventManager : Event: ======'machine_var_platform_system'====== Args={'value': 'Windows', 'prev_value': None, 'change': True}
2022-09-11 21:56:34,367 : INFO : EventManager : Event: ======'machine_var_platform_release'====== Args={'value': '10', 'prev_value': None, 'change': True}
2022-09-11 21:56:34,367 : INFO : EventManager : Event: ======'machine_var_platform_version'====== Args={'value': '10.0.19041', 'prev_value': None, 'change': True}
2022-09-11 21:56:34,367 : INFO : EventManager : Event: ======'machine_var_platform_machine'====== Args={'value': 'AMD64', 'prev_value': None, 'change': True}
2022-09-11 21:56:34,367 : INFO : EventManager : Event: ======'init_phase_1'====== Args={}
2022-09-11 21:56:34,402 : INFO : EventManager : Event: ======'drop_target_bank_mid_up'====== Args={}
2022-09-11 21:56:34,402 : INFO : EventManager : Event: ======'drop_target_bank_right_up'====== Args={}
2022-09-11 21:56:34,421 : INFO : EventManager : Event: ======'init_phase_2'====== Args={}
2022-09-11 21:56:34,421 : INFO : SwitchController : Found active switch: (('2D', 1), <Platform.FAST>) <switch.s_drop_mid_right>
2022-09-11 21:56:34,421 : INFO : SwitchController : Found active switch: (('2C', 1), <Platform.FAST>) <switch.s_drop_mid_mid>
2022-09-11 21:56:34,421 : INFO : SwitchController : Found active switch: (('2B', 1), <Platform.FAST>) <switch.s_drop_mid_left>
2022-09-11 21:56:34,422 : INFO : SwitchController : Found active switch: (('31', 1), <Platform.FAST>) <switch.s_drop_right_left>
2022-09-11 21:56:34,422 : INFO : SwitchController : Found active switch: (('32', 1), <Platform.FAST>) <switch.s_drop_single>
2022-09-11 21:56:34,422 : INFO : SwitchController : Found active switch: (('3E', 1), <Platform.FAST>) <switch.s_trough_1>
2022-09-11 21:56:34,422 : INFO : SwitchController : Found active switch: (('3D', 1), <Platform.FAST>) <switch.s_trough_jam>
2022-09-11 21:56:34,422 : INFO : SwitchController : Found active switch: (('5D', 1), <Platform.FAST>) <switch.s_bot_vuk>
2022-09-11 21:56:34,428 : INFO : ball_device.bd_trough : BCH: Initial count: 2
2022-09-11 21:56:34,428 : INFO : ball_device.bd_trough : State: idle
2022-09-11 21:56:34,429 : INFO : ball_device.bd_plunger : BCH: Initial count: 0
2022-09-11 21:56:34,429 : INFO : ball_device.bd_plunger : State: idle
2022-09-11 21:56:34,476 : INFO : EventManager : Event: ======'init_phase_3'====== Args={}
2022-09-11 21:56:34,512 : INFO : EventManager : Event: ======'init_phase_4'====== Args={}
2022-09-11 21:56:34,512 : INFO : EventManager : Event: ======'playfield_active'====== Args={}
2022-09-11 21:56:34,512 : INFO : EventManager : Event: ======'unexpected_ball_on_playfield'====== Args={}
2022-09-11 21:56:34,512 : INFO : EventManager : Event: ======'drop_target_mid_left_down'====== Args={'device': <drop_target.mid_left>}
2022-09-11 21:56:34,512 : INFO : EventManager : Event: ======'drop_target_bank_mid_mixed'====== Args={'prev_value': <DropTargetBankState.UP: 'up'>, 'down': 1}
2022-09-11 21:56:34,512 : INFO : EventManager : Event: ======'playfield_active'====== Args={}
2022-09-11 21:56:34,512 : INFO : EventManager : Event: ======'unexpected_ball_on_playfield'====== Args={}
2022-09-11 21:56:34,512 : INFO : EventManager : Event: ======'playfield_active'====== Args={}
2022-09-11 21:56:34,513 : INFO : EventManager : Event: ======'unexpected_ball_on_playfield'====== Args={}
2022-09-11 21:56:34,513 : INFO : EventManager : Event: ======'drop_target_right_left_down'====== Args={'device': <drop_target.right_left>}
2022-09-11 21:56:34,513 : INFO : EventManager : Event: ======'drop_target_bank_right_mixed'====== Args={'prev_value': <DropTargetBankState.UP: 'up'>, 'down': 1}
2022-09-11 21:56:34,513 : INFO : EventManager : Event: ======'playfield_active'====== Args={}
2022-09-11 21:56:34,513 : INFO : EventManager : Event: ======'unexpected_ball_on_playfield'====== Args={}
2022-09-11 21:56:34,513 : INFO : EventManager : Event: ======'drop_target_d_drop_single_down'====== Args={'device': <drop_target.d_drop_single>}
2022-09-11 21:56:34,513 : INFO : EventManager : Event: ======'playfield_active'====== Args={}
2022-09-11 21:56:34,513 : INFO : EventManager : Event: ======'unexpected_ball_on_playfield'====== Args={}
2022-09-11 21:56:34,513 : INFO : EventManager : Event: ======'drop_target_mid_right_down'====== Args={'device': <drop_target.mid_right>}
2022-09-11 21:56:34,513 : INFO : EventManager : Event: ======'drop_target_bank_mid_mixed'====== Args={'prev_value': <DropTargetBankState.MIXED: 'mixed'>, 'down': 2}
2022-09-11 21:56:34,513 : INFO : EventManager : Event: ======'playfield_active'====== Args={}
2022-09-11 21:56:34,513 : INFO : EventManager : Event: ======'unexpected_ball_on_playfield'====== Args={}
2022-09-11 21:56:34,513 : INFO : EventManager : Event: ======'drop_target_mid_mid_down'====== Args={'device': <drop_target.mid_mid>}
2022-09-11 21:56:34,514 : INFO : EventManager : Event: ======'drop_target_bank_mid_down'====== Args={}
2022-09-11 21:56:34,514 : INFO : BallController : Initial balls found: 2
2022-09-11 21:56:34,516 : INFO : EventManager : Event: ======'machine_var_audits_events_game_ended'====== Args={'value': 0, 'prev_value': None, 'change': True}
2022-09-11 21:56:34,516 : INFO : EventManager : Event: ======'machine_var_audits_events_game_started'====== Args={'value': 0, 'prev_value': None, 'change': True}
2022-09-11 21:56:34,516 : INFO : EventManager : Event: ======'machine_var_audits_player_score'====== Args={'value': {'average': 0, 'top': [], 'total': 0}, 'prev_value': None, 'change': True}
2022-09-11 21:56:34,517 : INFO : EventManager : Event: ======'machine_var_audits_switches_s_autolauncher'====== Args={'value': 69, 'prev_value': None, 'change': True}
2022-09-11 21:56:34,517 : INFO : EventManager : Event: ======'machine_var_audits_switches_s_bot_back'====== Args={'value': 0, 'prev_value': None, 'change': True}
2022-09-11 21:56:34,517 : INFO : EventManager : Event: ======'machine_var_audits_switches_s_bot_big'====== Args={'value': 0, 'prev_value': None, 'change': True}
2022-09-11 21:56:34,517 : INFO : EventManager : Event: ======'machine_var_audits_switches_s_bot_left'====== Args={'value': 0, 'prev_value': None, 'change': True}
2022-09-11 21:56:34,517 : INFO : EventManager : Event: ======'machine_var_audits_switches_s_bot_right'====== Args={'value': 0, 'prev_value': None, 'change': True}
2022-09-11 21:56:34,517 : INFO : EventManager : Event: ======'machine_var_audits_switches_s_bot_rollover'====== Args={'value': 0, 'prev_value': None, 'change': True}
2022-09-11 21:56:34,517 : INFO : EventManager : Event: ======'machine_var_audits_switches_s_bot_vuk'====== Args={'value': 0, 'prev_value': None, 'change': True}
2022-09-11 21:56:34,517 : INFO : EventManager : Event: ======'machine_var_audits_switches_s_drop_mid_left'====== Args={'value': 45, 'prev_value': None, 'change': True}
2022-09-11 21:56:34,518 : INFO : EventManager : Event: ======'machine_var_audits_switches_s_drop_mid_mid'====== Args={'value': 46, 'prev_value': None, 'change': True}
2022-09-11 21:56:34,518 : INFO : EventManager : Event: ======'machine_var_audits_switches_s_drop_mid_right'====== Args={'value': 5, 'prev_value': None, 'change': True}
2022-09-11 21:56:34,518 : INFO : EventManager : Event: ======'machine_var_audits_switches_s_drop_right_left'====== Args={'value': 7, 'prev_value': None, 'change': True}
2022-09-11 21:56:34,518 : INFO : EventManager : Event: ======'machine_var_audits_switches_s_drop_right_right'====== Args={'value': 6, 'prev_value': None, 'change': True}
2022-09-11 21:56:34,518 : INFO : EventManager : Event: ======'machine_var_audits_switches_s_drop_single'====== Args={'value': 40, 'prev_value': None, 'change': True}
2022-09-11 21:56:34,518 : INFO : EventManager : Event: ======'machine_var_audits_switches_s_eos_left'====== Args={'value': 26, 'prev_value': None, 'change': True}
2022-09-11 21:56:34,518 : INFO : EventManager : Event: ======'machine_var_audits_switches_s_eos_left_top'====== Args={'value': 24, 'prev_value': None, 'change': True}
2022-09-11 21:56:34,519 : INFO : EventManager : Event: ======'machine_var_audits_switches_s_eos_right'====== Args={'value': 0, 'prev_value': None, 'change': True}
2022-09-11 21:56:34,519 : INFO : EventManager : Event: ======'machine_var_audits_switches_s_launch'====== Args={'value': 0, 'prev_value': None, 'change': True}
2022-09-11 21:56:34,519 : INFO : EventManager : Event: ======'machine_var_audits_switches_s_left_flipper'====== Args={'value': 47, 'prev_value': None, 'change': True}
2022-09-11 21:56:34,519 : INFO : EventManager : Event: ======'machine_var_audits_switches_s_left_inlane'====== Args={'value': 0, 'prev_value': None, 'change': True}
2022-09-11 21:56:34,519 : INFO : EventManager : Event: ======'machine_var_audits_switches_s_left_outlane'====== Args={'value': 0, 'prev_value': None, 'change': True}
2022-09-11 21:56:34,520 : INFO : EventManager : Event: ======'machine_var_audits_switches_s_pop_left'====== Args={'value': 8, 'prev_value': None, 'change': True}
2022-09-11 21:56:34,520 : INFO : EventManager : Event: ======'machine_var_audits_switches_s_pop_lower'====== Args={'value': 20, 'prev_value': None, 'change': True}
2022-09-11 21:56:34,520 : INFO : EventManager : Event: ======'machine_var_audits_switches_s_pop_right'====== Args={'value': 26, 'prev_value': None, 'change': True}
2022-09-11 21:56:34,520 : INFO : EventManager : Event: ======'machine_var_audits_switches_s_right_flipper'====== Args={'value': 44, 'prev_value': None, 'change': True}
2022-09-11 21:56:34,520 : INFO : EventManager : Event: ======'machine_var_audits_switches_s_right_inlane'====== Args={'value': 0, 'prev_value': None, 'change': True}
2022-09-11 21:56:34,520 : INFO : EventManager : Event: ======'machine_var_audits_switches_s_right_outlane'====== Args={'value': 1, 'prev_value': None, 'change': True}
2022-09-11 21:56:34,521 : INFO : EventManager : Event: ======'machine_var_audits_switches_s_rollover_left'====== Args={'value': 3, 'prev_value': None, 'change': True}
2022-09-11 21:56:34,521 : INFO : EventManager : Event: ======'machine_var_audits_switches_s_rollover_right'====== Args={'value': 1, 'prev_value': None, 'change': True}
2022-09-11 21:56:34,521 : INFO : EventManager : Event: ======'machine_var_audits_switches_s_sling_left'====== Args={'value': 3, 'prev_value': None, 'change': True}
2022-09-11 21:56:34,521 : INFO : EventManager : Event: ======'machine_var_audits_switches_s_start'====== Args={'value': 86, 'prev_value': None, 'change': True}
2022-09-11 21:56:34,521 : INFO : EventManager : Event: ======'machine_var_audits_switches_s_trough_1'====== Args={'value': 56, 'prev_value': None, 'change': True}
2022-09-11 21:56:34,522 : INFO : EventManager : Event: ======'machine_var_audits_switches_s_trough_2'====== Args={'value': 46, 'prev_value': None, 'change': True}
2022-09-11 21:56:34,522 : INFO : EventManager : Event: ======'machine_var_audits_switches_s_trough_3'====== Args={'value': 45, 'prev_value': None, 'change': True}
2022-09-11 21:56:34,522 : INFO : EventManager : Event: ======'machine_var_audits_switches_s_trough_4'====== Args={'value': 46, 'prev_value': None, 'change': True}
2022-09-11 21:56:34,522 : INFO : EventManager : Event: ======'machine_var_audits_switches_s_trough_5'====== Args={'value': 49, 'prev_value': None, 'change': True}
2022-09-11 21:56:34,523 : INFO : EventManager : Event: ======'machine_var_audits_switches_s_trough_6'====== Args={'value': 52, 'prev_value': None, 'change': True}
2022-09-11 21:56:34,523 : INFO : EventManager : Event: ======'machine_var_audits_switches_s_trough_jam'====== Args={'value': 107, 'prev_value': None, 'change': True}
2022-09-11 21:56:34,523 : INFO : EventManager : Event: ======'machine_var_audits_switches_s_vuk_back'====== Args={'value': 0, 'prev_value': None, 'change': True}
2022-09-11 21:56:34,523 : INFO : EventManager : Event: ======'machine_var_audits_switches_s_vuk_right'====== Args={'value': 0, 'prev_value': None, 'change': True}
2022-09-11 21:56:34,523 : INFO : EventManager : Event: ======'machine_var_audits_switches_s_tilt'====== Args={'value': 0, 'prev_value': None, 'change': True}
2022-09-11 21:56:34,524 : INFO : EventManager : Event: ======'machine_var_audits_switches_s_upper_rollover'====== Args={'value': 0, 'prev_value': None, 'change': True}
2022-09-11 21:56:34,524 : INFO : EventManager : Event: ======'machine_var_audits_switches_s_upper_drop'====== Args={'value': 0, 'prev_value': None, 'change': True}
2022-09-11 21:56:34,524 : INFO : EventManager : Event: ======'machine_var_audits_switches_s_upper_stationary'====== Args={'value': 0, 'prev_value': None, 'change': True}
2022-09-11 21:56:34,524 : INFO : EventManager : Event: ======'machine_var_audits_switches_s_back_rollover'====== Args={'value': 0, 'prev_value': None, 'change': True}
2022-09-11 21:56:34,525 : INFO : EventManager : Event: ======'machine_var_audits_switches_s_back_pop'====== Args={'value': 0, 'prev_value': None, 'change': True}
2022-09-11 21:56:34,525 : INFO : EventManager : Event: ======'machine_var_audits_switches_s_back_stationary'====== Args={'value': 0, 'prev_value': None, 'change': True}
2022-09-11 21:56:34,525 : INFO : EventManager : Event: ======'machine_var_audits_switches_s_transfer_rollover'====== Args={'value': 0, 'prev_value': None, 'change': True}
2022-09-11 21:56:34,525 : INFO : EventManager : Event: ======'machine_var_audits_switches_s_sling_right'====== Args={'value': 0, 'prev_value': None, 'change': True}
2022-09-11 21:56:34,526 : INFO : EventManager : Event: ======'init_phase_5'====== Args={}
2022-09-11 21:56:34,577 : INFO : EventManager : Event: ======'init_done'====== Args={}
2022-09-11 21:56:34,578 : INFO : EventManager : Event: ======'machine_reset_phase_1'====== Args={}
2022-09-11 21:56:34,578 : INFO : EventManager : Event: ======'machine_reset_phase_2'====== Args={}
2022-09-11 21:56:34,579 : INFO : EventManager : Event: ======'machine_reset_phase_3'====== Args={}
2022-09-11 21:56:34,579 : INFO : drop_target_bank.mid : 3 targets are down. Will reset those.
2022-09-11 21:56:34,579 : INFO : coil.c_drop_mid : Pulsing Driver for 50ms (0.7 pulse_power)
2022-09-11 21:56:34,580 : INFO : drop_target_bank.right : 1 targets are down. Will reset those.
2022-09-11 21:56:34,580 : INFO : coil.c_drop_mid : Pulsing Driver for 50ms (0.7 pulse_power)
2022-09-11 21:56:34,580 : INFO : coil.c_drop_mid : Pulsing Driver for 50ms (0.7 pulse_power)
2022-09-11 21:56:34,580 : INFO : coil.c_drop_right : Pulsing Driver for 10ms (1.0 pulse_power)
2022-09-11 21:56:34,581 : INFO : EventManager : Event: ======'reset_complete'====== Args={}
2022-09-11 21:56:34,581 : INFO : EventManager : Event: ======'mode_attract_will_start'====== Args={}
2022-09-11 21:56:34,582 : INFO : EventManager : Event: ======'mode_attract_starting'====== Args={}
2022-09-11 21:56:34,582 : INFO : Mode.attract : Started. Priority: 10
2022-09-11 21:56:34,582 : INFO : EventManager : Event: ======'modes_active_modes_changed'====== Args={}
2022-09-11 21:56:34,582 : INFO : EventManager : Event: ======'mode_attract_started'====== Args={}
2022-09-11 21:56:34,582 : INFO : EventManager : Event: ======'collecting_balls_complete'====== Args={}
2022-09-11 21:56:34,604 : INFO : Machine : Starting the main run loop.
2022-09-11 21:56:34,637 : INFO : coil.c_drop_right : Pulsing Driver for 10ms (1.0 pulse_power)
2022-09-11 21:56:34,669 : INFO : coil.c_drop_single : Pulsing Driver for 10ms (1.0 pulse_power)
2022-09-11 21:56:34,685 : INFO : coil.c_drop_mid : Pulsing Driver for 50ms (0.7 pulse_power)
2022-09-11 21:56:35,081 : INFO : EventManager : Event: ======'drop_target_bank_right_mixed'====== Args={'prev_value': <DropTargetBankState.MIXED: 'mixed'>, 'down': 1}
2022-09-11 21:56:35,505 : INFO : drop_target_bank.mid : 3 targets are down. Will reset those.
2022-09-11 21:56:35,505 : INFO : coil.c_drop_mid : Pulsing Driver for 50ms (0.7 pulse_power)
2022-09-11 21:57:14,698 : INFO : SwitchController : <<<<<<< 's_left_flipper' active >>>>>>>
2022-09-11 21:57:14,889 : INFO : SwitchController : <<<<<<< 's_left_flipper' inactive >>>>>>>
2022-09-11 21:57:15,095 : INFO : SwitchController : <<<<<<< 's_left_flipper' active >>>>>>>
2022-09-11 21:57:15,319 : INFO : SwitchController : <<<<<<< 's_left_flipper' inactive >>>>>>>
2022-09-11 21:57:15,478 : INFO : SwitchController : <<<<<<< 's_left_flipper' active >>>>>>>
2022-09-11 21:57:16,370 : INFO : SwitchController : <<<<<<< 's_left_flipper' inactive >>>>>>>
2022-09-11 21:57:16,783 : INFO : SwitchController : <<<<<<< 's_left_flipper' active >>>>>>>
2022-09-11 21:57:17,006 : INFO : SwitchController : <<<<<<< 's_left_flipper' inactive >>>>>>>
2022-09-11 21:57:17,149 : INFO : SwitchController : <<<<<<< 's_left_flipper' active >>>>>>>
2022-09-11 21:57:17,722 : INFO : SwitchController : <<<<<<< 's_left_flipper' inactive >>>>>>>
2022-09-11 21:57:18,182 : INFO : SwitchController : <<<<<<< 's_left_flipper' active >>>>>>>
2022-09-11 21:57:18,453 : INFO : SwitchController : <<<<<<< 's_left_flipper' inactive >>>>>>>
2022-09-11 21:57:18,645 : INFO : SwitchController : <<<<<<< 's_left_flipper' active >>>>>>>
2022-09-11 21:57:19,249 : INFO : SwitchController : <<<<<<< 's_left_flipper' inactive >>>>>>>
2022-09-11 21:57:19,532 : INFO : SwitchController : <<<<<<< 's_left_flipper' active >>>>>>>
2022-09-11 21:57:19,784 : INFO : SwitchController : <<<<<<< 's_left_flipper' inactive >>>>>>>
2022-09-11 21:57:19,926 : INFO : SwitchController : <<<<<<< 's_left_flipper' active >>>>>>>
2022-09-11 21:57:20,131 : INFO : SwitchController : <<<<<<< 's_left_flipper' inactive >>>>>>>
2022-09-11 21:57:20,370 : INFO : SwitchController : <<<<<<< 's_left_flipper' active >>>>>>>
2022-09-11 21:57:20,671 : INFO : SwitchController : <<<<<<< 's_left_flipper' inactive >>>>>>>
2022-09-11 21:57:20,751 : INFO : SwitchController : <<<<<<< 's_left_flipper' active >>>>>>>
2022-09-11 21:57:21,372 : INFO : SwitchController : <<<<<<< 's_left_flipper' inactive >>>>>>>
2022-09-11 21:57:21,722 : INFO : SwitchController : <<<<<<< 's_left_flipper' active >>>>>>>
2022-09-11 21:57:21,895 : INFO : SwitchController : <<<<<<< 's_left_flipper' inactive >>>>>>>
2022-09-11 21:57:25,493 : INFO : SwitchController : <<<<<<< 's_left_flipper' active >>>>>>>
2022-09-11 21:57:25,732 : INFO : SwitchController : <<<<<<< 's_left_flipper' inactive >>>>>>>
2022-09-11 21:58:36,675 : INFO : SwitchController : <<<<<<< 's_right_flipper' active >>>>>>>
2022-09-11 21:58:36,696 : INFO : SwitchController : <<<<<<< 's_left_flipper' active >>>>>>>
2022-09-11 21:58:36,697 : INFO : EventManager : Event: ======'flipper_cancel'====== Args={'triggering_group': 1, 'triggering_switch': 's_left_flipper'}
2022-09-11 21:58:36,882 : INFO : SwitchController : <<<<<<< 's_right_flipper' inactive >>>>>>>
2022-09-11 21:58:36,882 : INFO : EventManager : Event: ======'both_flippers_one'====== Args={'triggering_group': 2, 'triggering_switch': 's_right_flipper'}
2022-09-11 21:58:36,882 : INFO : SwitchController : <<<<<<< 's_left_flipper' inactive >>>>>>>
2022-09-11 21:58:36,882 : INFO : EventManager : Event: ======'both_flippers_inactive'====== Args={'triggering_group': 1, 'triggering_switch': 's_left_flipper'}
2022-09-11 21:58:37,026 : INFO : SwitchController : <<<<<<< 's_right_flipper' active >>>>>>>
2022-09-11 21:58:37,203 : INFO : SwitchController : <<<<<<< 's_right_flipper' inactive >>>>>>>
2022-09-11 21:58:37,361 : INFO : SwitchController : <<<<<<< 's_left_flipper' active >>>>>>>
2022-09-11 21:58:37,535 : INFO : SwitchController : <<<<<<< 's_right_flipper' active >>>>>>>
2022-09-11 21:58:37,535 : INFO : EventManager : Event: ======'flipper_cancel'====== Args={'triggering_group': 2, 'triggering_switch': 's_right_flipper'}
2022-09-11 21:58:37,887 : INFO : SwitchController : <<<<<<< 's_right_flipper' inactive >>>>>>>
2022-09-11 21:58:37,887 : INFO : EventManager : Event: ======'both_flippers_one'====== Args={'triggering_group': 2, 'triggering_switch': 's_right_flipper'}
2022-09-11 21:58:37,918 : INFO : SwitchController : <<<<<<< 's_left_flipper' inactive >>>>>>>
2022-09-11 21:58:37,918 : INFO : EventManager : Event: ======'both_flippers_inactive'====== Args={'triggering_group': 1, 'triggering_switch': 's_left_flipper'}
2022-09-11 21:58:38,254 : INFO : SwitchController : <<<<<<< 's_right_flipper' active >>>>>>>
2022-09-11 21:58:38,366 : INFO : SwitchController : <<<<<<< 's_left_flipper' active >>>>>>>
2022-09-11 21:58:38,366 : INFO : EventManager : Event: ======'flipper_cancel'====== Args={'triggering_group': 1, 'triggering_switch': 's_left_flipper'}
2022-09-11 21:58:38,523 : INFO : SwitchController : <<<<<<< 's_right_flipper' inactive >>>>>>>
2022-09-11 21:58:38,523 : INFO : EventManager : Event: ======'both_flippers_one'====== Args={'triggering_group': 2, 'triggering_switch': 's_right_flipper'}
2022-09-11 21:58:38,618 : INFO : SwitchController : <<<<<<< 's_left_flipper' inactive >>>>>>>
2022-09-11 21:58:38,618 : INFO : EventManager : Event: ======'both_flippers_inactive'====== Args={'triggering_group': 1, 'triggering_switch': 's_left_flipper'}
2022-09-11 21:58:38,792 : INFO : SwitchController : <<<<<<< 's_left_flipper' active >>>>>>>
2022-09-11 21:58:38,999 : INFO : SwitchController : <<<<<<< 's_left_flipper' inactive >>>>>>>
2022-09-11 21:58:39,110 : INFO : SwitchController : <<<<<<< 's_left_flipper' active >>>>>>>
2022-09-11 21:58:39,284 : INFO : SwitchController : <<<<<<< 's_left_flipper' inactive >>>>>>>
2022-09-11 21:58:39,425 : INFO : SwitchController : <<<<<<< 's_left_flipper' active >>>>>>>
2022-09-11 21:58:39,583 : INFO : SwitchController : <<<<<<< 's_left_flipper' inactive >>>>>>>
2022-09-11 21:58:39,803 : INFO : SwitchController : <<<<<<< 's_left_flipper' active >>>>>>>
2022-09-11 21:58:39,931 : INFO : SwitchController : <<<<<<< 's_left_flipper' inactive >>>>>>>
2022-09-11 21:58:41,319 : INFO : SwitchController : <<<<<<< 's_left_flipper' active >>>>>>>
2022-09-11 21:58:41,343 : INFO : SwitchController : <<<<<<< 's_right_flipper' active >>>>>>>
2022-09-11 21:58:41,343 : INFO : EventManager : Event: ======'flipper_cancel'====== Args={'triggering_group': 2, 'triggering_switch': 's_right_flipper'}
2022-09-11 21:58:41,526 : INFO : SwitchController : <<<<<<< 's_left_flipper' inactive >>>>>>>
2022-09-11 21:58:41,526 : INFO : EventManager : Event: ======'both_flippers_one'====== Args={'triggering_group': 1, 'triggering_switch': 's_left_flipper'}
2022-09-11 21:58:41,558 : INFO : SwitchController : <<<<<<< 's_right_flipper' inactive >>>>>>>
2022-09-11 21:58:41,558 : INFO : EventManager : Event: ======'both_flippers_inactive'====== Args={'triggering_group': 2, 'triggering_switch': 's_right_flipper'}
2022-09-11 21:58:41,654 : INFO : SwitchController : <<<<<<< 's_right_flipper' active >>>>>>>
2022-09-11 21:58:41,673 : INFO : SwitchController : <<<<<<< 's_left_flipper' active >>>>>>>
2022-09-11 21:58:41,673 : INFO : EventManager : Event: ======'flipper_cancel'====== Args={'triggering_group': 1, 'triggering_switch': 's_left_flipper'}
2022-09-11 21:58:41,830 : INFO : SwitchController : <<<<<<< 's_right_flipper' inactive >>>>>>>
2022-09-11 21:58:41,830 : INFO : EventManager : Event: ======'both_flippers_one'====== Args={'triggering_group': 2, 'triggering_switch': 's_right_flipper'}
2022-09-11 21:58:41,849 : INFO : SwitchController : <<<<<<< 's_left_flipper' inactive >>>>>>>
2022-09-11 21:58:41,849 : INFO : EventManager : Event: ======'both_flippers_inactive'====== Args={'triggering_group': 1, 'triggering_switch': 's_left_flipper'}
2022-09-11 21:58:41,910 : INFO : SwitchController : <<<<<<< 's_right_flipper' active >>>>>>>
2022-09-11 21:58:42,006 : INFO : SwitchController : <<<<<<< 's_left_flipper' active >>>>>>>
2022-09-11 21:58:42,006 : INFO : EventManager : Event: ======'flipper_cancel'====== Args={'triggering_group': 1, 'triggering_switch': 's_left_flipper'}
2022-09-11 21:58:42,134 : INFO : SwitchController : <<<<<<< 's_right_flipper' inactive >>>>>>>
2022-09-11 21:58:42,134 : INFO : EventManager : Event: ======'both_flippers_one'====== Args={'triggering_group': 2, 'triggering_switch': 's_right_flipper'}
2022-09-11 21:58:42,198 : INFO : SwitchController : <<<<<<< 's_right_flipper' active >>>>>>>
2022-09-11 21:58:42,198 : INFO : EventManager : Event: ======'flipper_cancel'====== Args={'triggering_group': 2, 'triggering_switch': 's_right_flipper'}
2022-09-11 21:58:42,437 : INFO : SwitchController : <<<<<<< 's_right_flipper' inactive >>>>>>>
2022-09-11 21:58:42,437 : INFO : EventManager : Event: ======'both_flippers_one'====== Args={'triggering_group': 2, 'triggering_switch': 's_right_flipper'}
2022-09-11 21:58:42,517 : INFO : SwitchController : <<<<<<< 's_right_flipper' active >>>>>>>
2022-09-11 21:58:42,517 : INFO : EventManager : Event: ======'flipper_cancel'====== Args={'triggering_group': 2, 'triggering_switch': 's_right_flipper'}
2022-09-11 21:58:42,724 : INFO : SwitchController : <<<<<<< 's_right_flipper' inactive >>>>>>>
2022-09-11 21:58:42,724 : INFO : EventManager : Event: ======'both_flippers_one'====== Args={'triggering_group': 2, 'triggering_switch': 's_right_flipper'}
2022-09-11 21:58:42,788 : INFO : SwitchController : <<<<<<< 's_left_flipper' inactive >>>>>>>
2022-09-11 21:58:42,788 : INFO : EventManager : Event: ======'both_flippers_inactive'====== Args={'triggering_group': 1, 'triggering_switch': 's_left_flipper'}
2022-09-11 21:58:42,868 : INFO : SwitchController : <<<<<<< 's_right_flipper' active >>>>>>>
2022-09-11 21:58:43,156 : INFO : SwitchController : <<<<<<< 's_right_flipper' inactive >>>>>>>
2022-09-11 21:58:43,220 : INFO : SwitchController : <<<<<<< 's_left_flipper' active >>>>>>>
2022-09-11 21:58:43,315 : INFO : SwitchController : <<<<<<< 's_right_flipper' active >>>>>>>
2022-09-11 21:58:43,315 : INFO : EventManager : Event: ======'flipper_cancel'====== Args={'triggering_group': 2, 'triggering_switch': 's_right_flipper'}
2022-09-11 21:58:43,395 : INFO : SwitchController : <<<<<<< 's_left_flipper' inactive >>>>>>>
2022-09-11 21:58:43,395 : INFO : EventManager : Event: ======'both_flippers_one'====== Args={'triggering_group': 1, 'triggering_switch': 's_left_flipper'}
2022-09-11 21:58:43,553 : INFO : SwitchController : <<<<<<< 's_right_flipper' inactive >>>>>>>
2022-09-11 21:58:43,553 : INFO : EventManager : Event: ======'both_flippers_inactive'====== Args={'triggering_group': 2, 'triggering_switch': 's_right_flipper'}
2022-09-11 21:58:44,164 : INFO : SwitchController : <<<<<<< 's_launch' active >>>>>>>
2022-09-11 21:58:44,400 : INFO : SwitchController : <<<<<<< 's_launch' inactive >>>>>>>
2022-09-11 21:58:44,684 : INFO : SwitchController : <<<<<<< 's_launch' active >>>>>>>
2022-09-11 21:58:44,827 : INFO : SwitchController : <<<<<<< 's_launch' inactive >>>>>>>
2022-09-11 21:58:45,304 : INFO : SwitchController : <<<<<<< 's_start' active >>>>>>>
2022-09-11 21:58:45,570 : INFO : SwitchController : <<<<<<< 's_start' inactive >>>>>>>
2022-09-11 21:58:45,570 : INFO : EventManager : Event: ======'request_to_start_game'====== Args={}
2022-09-11 21:58:45,571 : INFO : EventManager : Event: ======'game_start'====== Args={'buttons': [], 'hold_time': 0.2649999998975545}
2022-09-11 21:58:45,571 : INFO : EventManager : Event: ======'mode_game_will_start'====== Args={'buttons': [], 'hold_time': 0.2649999998975545}
2022-09-11 21:58:45,571 : INFO : EventManager : Event: ======'mode_game_starting'====== Args={'buttons': [], 'hold_time': 0.2649999998975545}
2022-09-11 21:58:45,571 : INFO : EventManager : Event: ======'mode_attract_will_stop'====== Args={}
2022-09-11 21:58:45,571 : INFO : EventManager : Event: ======'mode_attract_stopping'====== Args={}
2022-09-11 21:58:45,571 : INFO : Mode.attract : Stopped.
2022-09-11 21:58:45,571 : INFO : EventManager : Event: ======'modes_active_modes_changed'====== Args={}
2022-09-11 21:58:45,573 : INFO : EventManager : Event: ======'mode_attract_stopped'====== Args={}
2022-09-11 21:58:45,573 : INFO : EventManager : Event: ======'clear'====== Args={'key': 'attract'}
2022-09-11 21:58:45,573 : INFO : Mode.game : Started. Priority: 20
2022-09-11 21:58:45,573 : INFO : EventManager : Event: ======'modes_active_modes_changed'====== Args={}
2022-09-11 21:58:45,573 : INFO : EventManager : Event: ======'mode_game_started'====== Args={'buttons': [], 'hold_time': 0.2649999998975545}
2022-09-11 21:58:45,580 : INFO : EventManager : Event: ======'game_will_start'====== Args={}
2022-09-11 21:58:45,580 : INFO : EventManager : Event: ======'game_starting'====== Args={'game': <Mode.game>}
2022-09-11 21:58:45,581 : INFO : EventManager : Event: ======'player_add_request'====== Args={}
2022-09-11 21:58:45,582 : INFO : EventManager : Event: ======'player_will_add'====== Args={'number': 1}
2022-09-11 21:58:45,582 : INFO : EventManager : Event: ======'player_adding'====== Args={'player': <Player 1>, 'number': 1}
2022-09-11 21:58:45,582 : INFO : EventManager : Event: ======'player_added'====== Args={'player': <Player 1>, 'num': 1}
2022-09-11 21:58:45,582 : INFO : Mode.game : Player added successfully. Total players: 1
2022-09-11 21:58:45,582 : INFO : EventManager : Event: ======'player_index'====== Args={'value': 0, 'prev_value': 0, 'change': 0, 'player_num': 1}
2022-09-11 21:58:45,582 : INFO : EventManager : Event: ======'player_number'====== Args={'value': 1, 'prev_value': 1, 'change': 0, 'player_num': 1}
2022-09-11 21:58:45,582 : INFO : EventManager : Event: ======'player_score'====== Args={'value': 0, 'prev_value': 0, 'change': 0, 'player_num': 1}
2022-09-11 21:58:45,583 : INFO : EventManager : Event: ======'game_started'====== Args={}
2022-09-11 21:58:45,595 : INFO : EventManager : Event: ======'player_turn_will_start'====== Args={'player': <Player 1>, 'number': 1}
2022-09-11 21:58:45,596 : INFO : EventManager : Event: ======'player_turn_starting'====== Args={'player': <Player 1>, 'number': 1}
2022-09-11 21:58:45,596 : INFO : EventManager : Event: ======'player_ball'====== Args={'value': 1, 'prev_value': 0, 'change': 1, 'player_num': 1}
2022-09-11 21:58:45,596 : INFO : EventManager : Event: ======'player_turn_started'====== Args={'player': <Player 1>, 'number': 1}
2022-09-11 21:58:45,597 : INFO : EventManager : Event: ======'ball_will_start'====== Args={'player': 1, 'ball': 1, 'balls_remaining': 2, 'is_extra_ball': False}
2022-09-11 21:58:45,600 : INFO : EventManager : Event: ======'ball_starting'====== Args={'player': 1, 'ball': 1, 'balls_remaining': 2, 'is_extra_ball': False}
2022-09-11 21:58:45,600 : INFO : drop_target_bank.mid : 3 targets are down. Will reset those.
2022-09-11 21:58:45,601 : INFO : coil.c_drop_mid : Pulsing Driver for 50ms (0.7 pulse_power)
2022-09-11 21:58:45,601 : INFO : drop_target_bank.right : 1 targets are down. Will reset those.
2022-09-11 21:58:45,601 : INFO : coil.c_drop_mid : Pulsing Driver for 50ms (0.7 pulse_power)
2022-09-11 21:58:45,601 : INFO : coil.c_drop_mid : Pulsing Driver for 50ms (0.7 pulse_power)
2022-09-11 21:58:45,601 : INFO : coil.c_drop_right : Pulsing Driver for 10ms (1.0 pulse_power)
2022-09-11 21:58:45,602 : INFO : EventManager : Event: ======'balls_in_play'====== Args={'balls': 1}
2022-09-11 21:58:45,602 : INFO : EventManager : Event: ======'ball_started'====== Args={'player': 1, 'ball': 1, 'balls_remaining': 2, 'is_extra_ball': False}
2022-09-11 21:58:45,602 : ERROR : asyncio : Exception in callback EventManager.process_event_queue()
handle: <Handle EventManager.process_event_queue()>
Traceback (most recent call last):
  File "c:\users\tanner\appdata\local\programs\python\python37\lib\site-packages\mpf\core\events.py", line 695, in _run_handlers
    result = handler.callback(**merged_kwargs)
  File "c:\users\tanner\appdata\local\programs\python\python37\lib\site-packages\mpf\devices\flipper.py", line 58, in event_enable
    self.enable()
  File "c:\users\tanner\appdata\local\programs\python\python37\lib\site-packages\mpf\devices\flipper.py", line 117, in enable
    self._enable_single_coil_rule()
  File "c:\users\tanner\appdata\local\programs\python\python37\lib\site-packages\mpf\devices\flipper.py", line 198, in _enable_single_coil_rule
    HoldRuleSettings(power=self._get_hold_power())
  File "c:\users\tanner\appdata\local\programs\python\python37\lib\site-packages\mpf\core\platform_controller.py", line 319, in set_pulse_on_hit_and_enable_and_release_rule
    driver_settings = self._get_configured_driver_with_hold(driver, pulse_setting, hold_settings)
  File "c:\users\tanner\appdata\local\programs\python\python37\lib\site-packages\mpf\core\platform_controller.py", line 162, in _get_configured_driver_with_hold
    raise AssertionError("Cannot enable driver with hold_power 0.0")
AssertionError: Cannot enable driver with hold_power 0.0

The above exception was the direct cause of the following exception:

Traceback (most recent call last):
  File "c:\users\tanner\appdata\local\programs\python\python37\lib\asyncio\events.py", line 88, in _run
    self._context.run(self._callback, *self._args)
  File "c:\users\tanner\appdata\local\programs\python\python37\lib\site-packages\mpf\core\events.py", line 782, in process_event_queue
    **event[3])
  File "c:\users\tanner\appdata\local\programs\python\python37\lib\site-packages\mpf\core\events.py", line 741, in _process_event
    result = self._run_handlers(event, ev_type, kwargs)
  File "c:\users\tanner\appdata\local\programs\python\python37\lib\site-packages\mpf\core\events.py", line 697, in _run_handlers
    raise Exception("Exception while processing {} for event {}. {}".format(handler, event, e)) from e
Exception: Exception while processing RegisteredHandler(callback=<bound method Flipper.event_enable of <flipper.bot_top_flipper>>, priority=2, kwargs={}, key=UUID('432f2d40-6711-4d42-beb8-d8052f8f51c1'), condition=None, blocking_facility=None) for event ball_started. Cannot enable driver with hold_power 0.0
2022-09-11 21:58:45,632 : INFO : Machine : Shutting down...
2022-09-11 21:58:45,632 : INFO : EventManager : Event: ======'shutdown'====== Args={}
2022-09-11 21:58:45,649 : INFO : coil.c_drop_right : Pulsing Driver for 10ms (1.0 pulse_power)
2022-09-11 21:58:45,650 : WARNING : FAST : Port RGB received more messages than were sent! Resetting!
2022-09-11 21:58:45,650 : WARNING : FAST : Received unknown serial command? BX:P from RGB.
2022-09-11 21:58:45,651 : WARNING : FAST : Port NET received more messages than were sent! Resetting!
2022-09-11 21:58:45,680 : INFO : coil.c_drop_single : Pulsing Driver for 10ms (1.0 pulse_power)
2022-09-11 21:58:45,696 : INFO : coil.c_drop_mid : Pulsing Driver for 50ms (0.7 pulse_power)
2022-09-11 21:58:45,727 : ERROR : FAST : Stop called on serial connection com20
2022-09-11 21:58:45,727 : ERROR : FAST : Stop called on serial connection com21
2022-09-11 21:58:45,967 : ERROR : Machine : Runtime Exception
Traceback (most recent call last):
  File "c:\users\tanner\appdata\local\programs\python\python37\lib\site-packages\mpf\core\events.py", line 695, in _run_handlers
    result = handler.callback(**merged_kwargs)
  File "c:\users\tanner\appdata\local\programs\python\python37\lib\site-packages\mpf\devices\flipper.py", line 58, in event_enable
    self.enable()
  File "c:\users\tanner\appdata\local\programs\python\python37\lib\site-packages\mpf\devices\flipper.py", line 117, in enable
    self._enable_single_coil_rule()
  File "c:\users\tanner\appdata\local\programs\python\python37\lib\site-packages\mpf\devices\flipper.py", line 198, in _enable_single_coil_rule
    HoldRuleSettings(power=self._get_hold_power())
  File "c:\users\tanner\appdata\local\programs\python\python37\lib\site-packages\mpf\core\platform_controller.py", line 319, in set_pulse_on_hit_and_enable_and_release_rule
    driver_settings = self._get_configured_driver_with_hold(driver, pulse_setting, hold_settings)
  File "c:\users\tanner\appdata\local\programs\python\python37\lib\site-packages\mpf\core\platform_controller.py", line 162, in _get_configured_driver_with_hold
    raise AssertionError("Cannot enable driver with hold_power 0.0")
AssertionError: Cannot enable driver with hold_power 0.0

The above exception was the direct cause of the following exception:

Traceback (most recent call last):
  File "c:\users\tanner\appdata\local\programs\python\python37\lib\site-packages\mpf\core\machine.py", line 769, in _run_loop
    raise self._exception['exception']
  File "c:\users\tanner\appdata\local\programs\python\python37\lib\asyncio\events.py", line 88, in _run
    self._context.run(self._callback, *self._args)
  File "c:\users\tanner\appdata\local\programs\python\python37\lib\site-packages\mpf\core\events.py", line 782, in process_event_queue
    **event[3])
  File "c:\users\tanner\appdata\local\programs\python\python37\lib\site-packages\mpf\core\events.py", line 741, in _process_event
    result = self._run_handlers(event, ev_type, kwargs)
  File "c:\users\tanner\appdata\local\programs\python\python37\lib\site-packages\mpf\core\events.py", line 697, in _run_handlers
    raise Exception("Exception while processing {} for event {}. {}".format(handler, event, e)) from e
Exception: Exception while processing RegisteredHandler(callback=<bound method Flipper.event_enable of <flipper.bot_top_flipper>>, priority=2, kwargs={}, key=UUID('432f2d40-6711-4d42-beb8-d8052f8f51c1'), condition=None, blocking_facility=None) for event ball_started. Cannot enable driver with hold_power 0.0
2022-09-11 21:59:40,226 : INFO : root : MPF run loop ended.
